Log file open, 02/21/22 20:44:33
LogWindows: Failed to load 'aqProf.dll' (GetLastError=126)
LogWindows: File 'aqProf.dll' does not exist
LogWindows: Failed to load 'VtuneApi.dll' (GetLastError=126)
LogWindows: File 'VtuneApi.dll' does not exist
LogWindows: Failed to load 'VtuneApi32e.dll' (GetLastError=126)
LogWindows: File 'VtuneApi32e.dll' does not exist
LogConsoleResponse: Display: Failed to find resolution value strings in scalability ini. Falling back to default.
LogConsoleResponse: Display: Failed to find resolution value strings in scalability ini. Falling back to default.
LogInit: Display: Running engine for game: Building_Escape
LogPlatformFile: Not using cached read wrapper
LogTaskGraph: Started task graph with 5 named threads and 35 total threads with 3 sets of task threads.
LogStats: Stats thread started at 0.509636
LogICUInternationalization: ICU TimeZone Detection - Raw Offset: +3:00, Platform Override: ''
LogInit: Display: Loading text-based GConfig....
LogPluginManager: Mounting plugin MeshPainting
LogPluginManager: Mounting plugin XGEController
LogPluginManager: Mounting plugin Paper2D
LogPluginManager: Mounting plugin EnvironmentQueryEditor
LogPluginManager: Mounting plugin AISupport
LogPluginManager: Mounting plugin LightPropagationVolume
LogPluginManager: Mounting plugin CameraShakePreviewer
LogPluginManager: Mounting plugin GameplayCameras
LogPluginManager: Mounting plugin OodleData
LogPluginManager: Mounting plugin OodleNetwork
LogPluginManager: Mounting plugin AnimationSharing
LogPluginManager: Mounting plugin CLionSourceCodeAccess
LogPluginManager: Mounting plugin CodeLiteSourceCodeAccess
LogPluginManager: Mounting plugin GitSourceControl
LogPluginManager: Mounting plugin KDevelopSourceCodeAccess
LogPluginManager: Mounting plugin NullSourceCodeAccess
LogPluginManager: Mounting plugin PerforceSourceControl
LogPluginManager: Mounting plugin PixWinPlugin
LogPluginManager: Mounting plugin PlasticSourceControl
LogPluginManager: Mounting plugin DatasmithContent
LogPluginManager: Mounting plugin PluginUtils
LogPluginManager: Mounting plugin PropertyAccessNode
LogPluginManager: Mounting plugin RiderLink
LogPluginManager: Mounting plugin RiderSourceCodeAccess
LogPluginManager: Mounting plugin SubversionSourceControl
LogPluginManager: Mounting plugin TextureFormatOodle
LogPluginManager: Mounting plugin VariantManagerContent
LogPluginManager: Mounting plugin UObjectPlugin
LogPluginManager: Mounting plugin AssetManagerEditor
LogPluginManager: Mounting plugin VisualStudioCodeSourceCodeAccess
LogPluginManager: Mounting plugin VisualStudioSourceCodeAccess
LogPluginManager: Mounting plugin XCodeSourceCodeAccess
LogPluginManager: Mounting plugin CryptoKeys
LogPluginManager: Mounting plugin CurveEditorTools
LogPluginManager: Mounting plugin DataValidation
LogPluginManager: Mounting plugin FacialAnimation
LogPluginManager: Mounting plugin GeometryMode
LogPluginManager: Mounting plugin GameplayTagsEditor
LogPluginManager: Mounting plugin MacGraphicsSwitching
LogPluginManager: Mounting plugin MaterialAnalyzer
LogPluginManager: Mounting plugin MobileLauncherProfileWizard
LogPluginManager: Mounting plugin Niagara
LogPluginManager: Mounting plugin PluginBrowser
LogPluginManager: Mounting plugin SpeedTreeImporter
LogPluginManager: Mounting plugin AlembicImporter
LogPluginManager: Mounting plugin AutomationUtils
LogPluginManager: Mounting plugin BackChannel
LogPluginManager: Mounting plugin ChaosCloth
LogPluginManager: Mounting plugin ChaosClothEditor
LogPluginManager: Mounting plugin ChaosEditor
LogPluginManager: Mounting plugin ChaosNiagara
LogPluginManager: Mounting plugin ChaosSolverPlugin
LogPluginManager: Mounting plugin CharacterAI
LogPluginManager: Mounting plugin GeometryCache
LogPluginManager: Mounting plugin GeometryCollectionPlugin
LogPluginManager: Mounting plugin GeometryProcessing
LogPluginManager: Mounting plugin MotoSynth
LogPluginManager: Mounting plugin OpenImageDenoise
LogPluginManager: Mounting plugin PlanarCut
LogPluginManager: Mounting plugin PlatformCrypto
LogPluginManager: Mounting plugin ProxyLODPlugin
LogPluginManager: Mounting plugin PythonScriptPlugin
LogPluginManager: Mounting plugin SkeletalReduction
LogPluginManager: Mounting plugin AndroidMedia
LogPluginManager: Mounting plugin AvfMedia
LogPluginManager: Mounting plugin ImgMedia
LogPluginManager: Mounting plugin MediaCompositing
LogPluginManager: Mounting plugin LuminPlatformFeatures
LogPluginManager: Mounting plugin MagicLeap
LogPluginManager: Mounting plugin MediaPlayerEditor
LogPluginManager: Mounting plugin WebMMedia
LogPluginManager: Mounting plugin WmfMedia
LogPluginManager: Mounting plugin MagicLeapLightEstimation
LogPluginManager: Mounting plugin MagicLeapMedia
LogPluginManager: Mounting plugin MagicLeapPassableWorld
LogPluginManager: Mounting plugin MLSDK
LogPluginManager: Mounting plugin ActorSequence
LogPluginManager: Mounting plugin TcpMessaging
LogPluginManager: Mounting plugin LevelSequenceEditor
LogPluginManager: Mounting plugin MatineeToLevelSequence
LogPluginManager: Mounting plugin UdpMessaging
LogPluginManager: Mounting plugin TemplateSequence
LogPluginManager: Mounting plugin OnlineSubsystem
LogPluginManager: Mounting plugin OnlineSubsystemNull
LogPluginManager: Mounting plugin OnlineSubsystemUtils
LogPluginManager: Mounting plugin LauncherChunkInstaller
LogPluginManager: Mounting plugin ActorLayerUtilities
LogPluginManager: Mounting plugin AndroidDeviceProfileSelector
LogPluginManager: Mounting plugin AndroidMoviePlayer
LogPluginManager: Mounting plugin AndroidPermission
LogPluginManager: Mounting plugin AppleImageUtils
LogPluginManager: Mounting plugin AppleMoviePlayer
LogPluginManager: Mounting plugin ArchVisCharacter
LogPluginManager: Mounting plugin AssetTags
LogPluginManager: Mounting plugin AudioCapture
LogPluginManager: Mounting plugin AudioSynesthesia
LogPluginManager: Mounting plugin CableComponent
LogPluginManager: Mounting plugin ChunkDownloader
LogPluginManager: Mounting plugin CustomMeshComponent
LogPluginManager: Mounting plugin EditableMesh
LogPluginManager: Mounting plugin ExampleDeviceProfileSelector
LogPluginManager: Mounting plugin GoogleCloudMessaging
LogPluginManager: Mounting plugin GooglePAD
LogPluginManager: Mounting plugin IOSDeviceProfileSelector
LogPluginManager: Mounting plugin LinuxDeviceProfileSelector
LogPluginManager: Mounting plugin LocationServicesBPLibrary
LogPluginManager: Mounting plugin MobilePatchingUtils
LogPluginManager: Mounting plugin OpenXR
LogPluginManager: Mounting plugin OpenXREyeTracker
LogPluginManager: Mounting plugin OpenXRHandTracking
LogPluginManager: Mounting plugin PhysXVehicles
LogPluginManager: Mounting plugin PostSplashScreen
LogPluginManager: Mounting plugin ProceduralMeshComponent
LogPluginManager: Mounting plugin PropertyAccessEditor
LogPluginManager: Mounting plugin RuntimePhysXCooking
LogPluginManager: Mounting plugin SignificanceManager
LogPluginManager: Mounting plugin SoundFields
LogPluginManager: Mounting plugin Synthesis
LogPluginManager: Mounting plugin WebMMoviePlayer
LogPluginManager: Mounting plugin WindowsMoviePlayer
LogPluginManager: Mounting plugin ScreenshotTools
LogPluginManager: Mounting plugin LiveLink
LogPluginManager: Mounting plugin Takes
LogPluginManager: Mounting plugin ContentBrowserAssetDataSource
LogPluginManager: Mounting plugin ContentBrowserClassDataSource
LogPluginManager: Mounting plugin ContentBrowserFileDataSource
LogPluginManager: Mounting plugin OnlineSubsystemGooglePlay
LogPluginManager: Mounting plugin OnlineSubsystemIOS
LogPluginManager: Mounting plugin OculusVR
LogPluginManager: Mounting plugin SteamVR
PixWinPlugin: PIX capture plugin failed to initialize! Check that the process is launched from PIX.
LogInit: Using libcurl 7.55.1-DEV
LogInit:  - built for x86_64-pc-win32
LogInit:  - supports SSL with OpenSSL/1.1.1
LogInit:  - supports HTTP deflate (compression) using libz 1.2.8
LogInit:  - other features:
LogInit:      CURL_VERSION_SSL
LogInit:      CURL_VERSION_LIBZ
LogInit:      CURL_VERSION_IPV6
LogInit:      CURL_VERSION_ASYNCHDNS
LogInit:      CURL_VERSION_LARGEFILE
LogInit:      CURL_VERSION_IDN
LogInit:  CurlRequestOptions (configurable via config and command line):
LogInit:  - bVerifyPeer = true  - Libcurl will verify peer certificate
LogInit:  - bUseHttpProxy = false  - Libcurl will NOT use HTTP proxy
LogInit:  - bDontReuseConnections = false  - Libcurl will reuse connections
LogInit:  - MaxHostConnections = 16  - Libcurl will limit the number of connections to a host
LogInit:  - LocalHostAddr = Default
LogInit:  - BufferSize = 65536
LogOnline: OSS: Creating online subsystem instance for: NULL
LogInit: WinSock: version 1.1 (2.2), MaxSocks=32767, MaxUdp=65467
LogOnline: OSS: TryLoadSubsystemAndSetDefault: Loaded subsystem for module [NULL]
LogOculusPluginWrapper: OculusPlugin initialized successfully
LogHMD: Failed initializing OVRPlugin 1.59.0
LogInit: Build: ++UE4+Release-4.27-CL-18319896
LogInit: Engine Version: 4.27.2-18319896+++UE4+Release-4.27
LogInit: Compatible Engine Version: 4.27.0-17155196+++UE4+Release-4.27
LogInit: Net CL: 17155196
LogInit: OS: Windows 10 (Release 2009) (), CPU: Intel(R) Core(TM) i7-10750H CPU @ 2.60GHz, GPU: Intel(R) UHD Graphics
LogInit: Compiled (64-bit): Nov 30 2021 07:12:08
LogInit: Compiled with Visual C++: 19.24.28315.00
LogInit: Build Configuration: Development
LogInit: Branch Name: ++UE4+Release-4.27
LogInit: Command Line: 
LogInit: Base Directory: F:/EpicOyunlar/UE_4.27/Engine/Binaries/Win64/
LogInit: Allocator: TBB
LogInit: Installed Engine Build: 1
LogDevObjectVersion: Number of dev versions registered: 29
LogDevObjectVersion:   Dev-Blueprints (B0D832E4-1F89-4F0D-ACCF-7EB736FD4AA2): 10
LogDevObjectVersion:   Dev-Build (E1C64328-A22C-4D53-A36C-8E866417BD8C): 0
LogDevObjectVersion:   Dev-Core (375EC13C-06E4-48FB-B500-84F0262A717E): 4
LogDevObjectVersion:   Dev-Editor (E4B068ED-F494-42E9-A231-DA0B2E46BB41): 40
LogDevObjectVersion:   Dev-Framework (CFFC743F-43B0-4480-9391-14DF171D2073): 37
LogDevObjectVersion:   Dev-Mobile (B02B49B5-BB20-44E9-A304-32B752E40360): 3
LogDevObjectVersion:   Dev-Networking (A4E4105C-59A1-49B5-A7C5-40C4547EDFEE): 0
LogDevObjectVersion:   Dev-Online (39C831C9-5AE6-47DC-9A44-9C173E1C8E7C): 0
LogDevObjectVersion:   Dev-Physics (78F01B33-EBEA-4F98-B9B4-84EACCB95AA2): 14
LogDevObjectVersion:   Dev-Platform (6631380F-2D4D-43E0-8009-CF276956A95A): 0
LogDevObjectVersion:   Dev-Rendering (12F88B9F-8875-4AFC-A67C-D90C383ABD29): 45
LogDevObjectVersion:   Dev-Sequencer (7B5AE74C-D270-4C10-A958-57980B212A5A): 13
LogDevObjectVersion:   Dev-VR (D7296918-1DD6-4BDD-9DE2-64A83CC13884): 3
LogDevObjectVersion:   Dev-LoadTimes (C2A15278-BFE7-4AFE-6C17-90FF531DF755): 1
LogDevObjectVersion:   Private-Geometry (6EACA3D4-40EC-4CC1-B786-8BED09428FC5): 3
LogDevObjectVersion:   Dev-AnimPhys (29E575DD-E0A3-4627-9D10-D276232CDCEA): 17
LogDevObjectVersion:   Dev-Anim (AF43A65D-7FD3-4947-9873-3E8ED9C1BB05): 15
LogDevObjectVersion:   Dev-ReflectionCapture (6B266CEC-1EC7-4B8F-A30B-E4D90942FC07): 1
LogDevObjectVersion:   Dev-Automation (0DF73D61-A23F-47EA-B727-89E90C41499A): 1
LogDevObjectVersion:   FortniteMain (601D1886-AC64-4F84-AA16-D3DE0DEAC7D6): 47
LogDevObjectVersion:   FortniteRelease (E7086368-6B23-4C58-8439-1B7016265E91): 1
LogDevObjectVersion:   Dev-Enterprise (9DFFBCD6-494F-0158-E221-12823C92A888): 10
LogDevObjectVersion:   Dev-Niagara (F2AED0AC-9AFE-416F-8664-AA7FFA26D6FC): 1
LogDevObjectVersion:   Dev-Destruction (174F1F0B-B4C6-45A5-B13F-2EE8D0FB917D): 10
LogDevObjectVersion:   Dev-Physics-Ext (35F94A83-E258-406C-A318-09F59610247C): 41
LogDevObjectVersion:   Dev-PhysicsMaterial-Chaos (B68FC16E-8B1B-42E2-B453-215C058844FE): 1
LogDevObjectVersion:   Dev-CineCamera (B2E18506-4273-CFC2-A54E-F4BB758BBA07): 1
LogDevObjectVersion:   Dev-VirtualProduction (64F58936-FD1B-42BA-BA96-7289D5D0FA4E): 1
LogDevObjectVersion:   Dev-MediaFramework (6F0ED827-A609-4895-9C91-998D90180EA4): 2
LogInit: Presizing for max 25165824 objects, including 0 objects not considered by GC, pre-allocating 0 bytes for permanent pool.
LogConfig: Applying CVar settings from Section [/Script/Engine.StreamingSettings] File [F:/GitRepos/Unreal-Engine-4-Udemy-Projects-C-/Building_Escape/Saved/Config/Windows/Engine.ini]
LogConfig: Setting CVar [[s.MinBulkDataSizeForAsyncLoading:131072]]
LogConfig: Setting CVar [[s.AsyncLoadingThreadEnabled:0]]
LogConfig: Setting CVar [[s.EventDrivenLoaderEnabled:1]]
LogConfig: Setting CVar [[s.WarnIfTimeLimitExceeded:0]]
LogConfig: Setting CVar [[s.TimeLimitExceededMultiplier:1.5]]
LogConfig: Setting CVar [[s.TimeLimitExceededMinTime:0.005]]
LogConfig: Setting CVar [[s.UseBackgroundLevelStreaming:1]]
LogConfig: Setting CVar [[s.PriorityAsyncLoadingExtraTime:15.0]]
LogConfig: Setting CVar [[s.LevelStreamingActorsUpdateTimeLimit:5.0]]
LogConfig: Setting CVar [[s.PriorityLevelStreamingActorsUpdateExtraTime:5.0]]
LogConfig: Setting CVar [[s.LevelStreamingComponentsRegistrationGranularity:10]]
LogConfig: Setting CVar [[s.UnregisterComponentsTimeLimit:1.0]]
LogConfig: Setting CVar [[s.LevelStreamingComponentsUnregistrationGranularity:5]]
LogConfig: Setting CVar [[s.FlushStreamingOnExit:1]]
LogInit: Object subsystem initialized
LogConfig: Setting CVar [[con.DebugEarlyDefault:1]]
LogConfig: Setting CVar [[r.setres:1280x720]]
[2022.02.21-17.44.35:490][  0]LogConfig: Setting CVar [[r.VSync:0]]
[2022.02.21-17.44.35:490][  0]LogConfig: Setting CVar [[r.RHICmdBypass:0]]
[2022.02.21-17.44.35:490][  0]LogConfig: Applying CVar settings from Section [/Script/Engine.RendererSettings] File [F:/GitRepos/Unreal-Engine-4-Udemy-Projects-C-/Building_Escape/Saved/Config/Windows/Engine.ini]
[2022.02.21-17.44.35:490][  0]LogConfig: Setting CVar [[r.GPUCrashDebugging:0]]
[2022.02.21-17.44.35:490][  0]LogConfig: Setting CVar [[r.DefaultFeature.AutoExposure.ExtendDefaultLuminanceRange:1]]
[2022.02.21-17.44.35:490][  0]LogConfig: Applying CVar settings from Section [/Script/Engine.RendererOverrideSettings] File [F:/GitRepos/Unreal-Engine-4-Udemy-Projects-C-/Building_Escape/Saved/Config/Windows/Engine.ini]
[2022.02.21-17.44.35:490][  0]LogConfig: Applying CVar settings from Section [/Script/Engine.StreamingSettings] File [F:/GitRepos/Unreal-Engine-4-Udemy-Projects-C-/Building_Escape/Saved/Config/Windows/Engine.ini]
[2022.02.21-17.44.35:490][  0]LogConfig: Setting CVar [[s.MinBulkDataSizeForAsyncLoading:131072]]
[2022.02.21-17.44.35:490][  0]LogConfig: Setting CVar [[s.AsyncLoadingThreadEnabled:0]]
[2022.02.21-17.44.35:490][  0]LogConfig: Setting CVar [[s.EventDrivenLoaderEnabled:1]]
[2022.02.21-17.44.35:490][  0]LogConfig: Setting CVar [[s.WarnIfTimeLimitExceeded:0]]
[2022.02.21-17.44.35:490][  0]LogConfig: Setting CVar [[s.TimeLimitExceededMultiplier:1.5]]
[2022.02.21-17.44.35:491][  0]LogConfig: Setting CVar [[s.TimeLimitExceededMinTime:0.005]]
[2022.02.21-17.44.35:491][  0]LogConfig: Setting CVar [[s.UseBackgroundLevelStreaming:1]]
[2022.02.21-17.44.35:491][  0]LogConfig: Setting CVar [[s.PriorityAsyncLoadingExtraTime:15.0]]
[2022.02.21-17.44.35:491][  0]LogConfig: Setting CVar [[s.LevelStreamingActorsUpdateTimeLimit:5.0]]
[2022.02.21-17.44.35:491][  0]LogConfig: Setting CVar [[s.PriorityLevelStreamingActorsUpdateExtraTime:5.0]]
[2022.02.21-17.44.35:491][  0]LogConfig: Setting CVar [[s.LevelStreamingComponentsRegistrationGranularity:10]]
[2022.02.21-17.44.35:491][  0]LogConfig: Setting CVar [[s.UnregisterComponentsTimeLimit:1.0]]
[2022.02.21-17.44.35:491][  0]LogConfig: Setting CVar [[s.LevelStreamingComponentsUnregistrationGranularity:5]]
[2022.02.21-17.44.35:491][  0]LogConfig: Setting CVar [[s.FlushStreamingOnExit:1]]
[2022.02.21-17.44.35:491][  0]LogConfig: Applying CVar settings from Section [/Script/Engine.GarbageCollectionSettings] File [F:/GitRepos/Unreal-Engine-4-Udemy-Projects-C-/Building_Escape/Saved/Config/Windows/Engine.ini]
[2022.02.21-17.44.35:491][  0]LogConfig: Setting CVar [[gc.MaxObjectsNotConsideredByGC:1]]
[2022.02.21-17.44.35:491][  0]LogConfig: Setting CVar [[gc.SizeOfPermanentObjectPool:0]]
[2022.02.21-17.44.35:491][  0]LogConfig: Setting CVar [[gc.FlushStreamingOnGC:0]]
[2022.02.21-17.44.35:491][  0]LogConfig: Setting CVar [[gc.NumRetriesBeforeForcingGC:10]]
[2022.02.21-17.44.35:491][  0]LogConfig: Setting CVar [[gc.AllowParallelGC:1]]
[2022.02.21-17.44.35:491][  0]LogConfig: Setting CVar [[gc.TimeBetweenPurgingPendingKillObjects:61.1]]
[2022.02.21-17.44.35:491][  0]LogConfig: Setting CVar [[gc.MaxObjectsInEditor:25165824]]
[2022.02.21-17.44.35:491][  0]LogConfig: Setting CVar [[gc.IncrementalBeginDestroyEnabled:1]]
[2022.02.21-17.44.35:491][  0]LogConfig: Setting CVar [[gc.CreateGCClusters:1]]
[2022.02.21-17.44.35:491][  0]LogConfig: Setting CVar [[gc.MinGCClusterSize:5]]
[2022.02.21-17.44.35:491][  0]LogConfig: Setting CVar [[gc.ActorClusteringEnabled:0]]
[2022.02.21-17.44.35:491][  0]LogConfig: Setting CVar [[gc.BlueprintClusteringEnabled:0]]
[2022.02.21-17.44.35:491][  0]LogConfig: Setting CVar [[gc.UseDisregardForGCOnDedicatedServers:0]]
[2022.02.21-17.44.35:491][  0]LogConfig: Setting CVar [[gc.MultithreadedDestructionEnabled:1]]
[2022.02.21-17.44.35:491][  0]LogConfig: Applying CVar settings from Section [/Script/Engine.NetworkSettings] File [F:/GitRepos/Unreal-Engine-4-Udemy-Projects-C-/Building_Escape/Saved/Config/Windows/Engine.ini]
[2022.02.21-17.44.35:491][  0]LogConfig: Applying CVar settings from Section [/Script/UnrealEd.CookerSettings] File [F:/GitRepos/Unreal-Engine-4-Udemy-Projects-C-/Building_Escape/Saved/Config/Windows/Engine.ini]
[2022.02.21-17.44.35:521][  0]LogConfig: Applying CVar settings from Section [ViewDistanceQuality@3] File [F:/GitRepos/Unreal-Engine-4-Udemy-Projects-C-/Building_Escape/Saved/Config/Windows/Scalability.ini]
[2022.02.21-17.44.35:521][  0]LogConfig: Setting CVar [[r.SkeletalMeshLODBias:0]]
[2022.02.21-17.44.35:521][  0]LogConfig: Setting CVar [[r.ViewDistanceScale:1.0]]
[2022.02.21-17.44.35:521][  0]LogConfig: Applying CVar settings from Section [AntiAliasingQuality@3] File [F:/GitRepos/Unreal-Engine-4-Udemy-Projects-C-/Building_Escape/Saved/Config/Windows/Scalability.ini]
[2022.02.21-17.44.35:521][  0]LogConfig: Setting CVar [[r.PostProcessAAQuality:4]]
[2022.02.21-17.44.35:521][  0]LogConfig: Applying CVar settings from Section [ShadowQuality@3] File [F:/GitRepos/Unreal-Engine-4-Udemy-Projects-C-/Building_Escape/Saved/Config/Windows/Scalability.ini]
[2022.02.21-17.44.35:521][  0]LogConfig: Setting CVar [[r.LightFunctionQuality:1]]
[2022.02.21-17.44.35:521][  0]LogConfig: Setting CVar [[r.ShadowQuality:5]]
[2022.02.21-17.44.35:521][  0]LogConfig: Setting CVar [[r.Shadow.CSM.MaxCascades:10]]
[2022.02.21-17.44.35:521][  0]LogConfig: Setting CVar [[r.Shadow.MaxResolution:2048]]
[2022.02.21-17.44.35:521][  0]LogConfig: Setting CVar [[r.Shadow.MaxCSMResolution:2048]]
[2022.02.21-17.44.35:521][  0]LogConfig: Setting CVar [[r.Shadow.RadiusThreshold:0.01]]
[2022.02.21-17.44.35:521][  0]LogConfig: Setting CVar [[r.Shadow.DistanceScale:1.0]]
[2022.02.21-17.44.35:521][  0]LogConfig: Setting CVar [[r.Shadow.CSM.TransitionScale:1.0]]
[2022.02.21-17.44.35:521][  0]LogConfig: Setting CVar [[r.Shadow.PreShadowResolutionFactor:1.0]]
[2022.02.21-17.44.35:521][  0]LogConfig: Setting CVar [[r.DistanceFieldShadowing:1]]
[2022.02.21-17.44.35:521][  0]LogConfig: Setting CVar [[r.DistanceFieldAO:1]]
[2022.02.21-17.44.35:521][  0]LogConfig: Setting CVar [[r.AOQuality:2]]
[2022.02.21-17.44.35:521][  0]LogConfig: Setting CVar [[r.VolumetricFog:1]]
[2022.02.21-17.44.35:521][  0]LogConfig: Setting CVar [[r.VolumetricFog.GridPixelSize:8]]
[2022.02.21-17.44.35:521][  0]LogConfig: Setting CVar [[r.VolumetricFog.GridSizeZ:128]]
[2022.02.21-17.44.35:521][  0]LogConfig: Setting CVar [[r.VolumetricFog.HistoryMissSupersampleCount:4]]
[2022.02.21-17.44.35:521][  0]LogConfig: Setting CVar [[r.LightMaxDrawDistanceScale:1]]
[2022.02.21-17.44.35:521][  0]LogConfig: Setting CVar [[r.CapsuleShadows:1]]
[2022.02.21-17.44.35:521][  0]LogConfig: Applying CVar settings from Section [PostProcessQuality@3] File [F:/GitRepos/Unreal-Engine-4-Udemy-Projects-C-/Building_Escape/Saved/Config/Windows/Scalability.ini]
[2022.02.21-17.44.35:521][  0]LogConfig: Setting CVar [[r.MotionBlurQuality:4]]
[2022.02.21-17.44.35:521][  0]LogConfig: Setting CVar [[r.AmbientOcclusionMipLevelFactor:0.4]]
[2022.02.21-17.44.35:521][  0]LogConfig: Setting CVar [[r.AmbientOcclusionMaxQuality:100]]
[2022.02.21-17.44.35:521][  0]LogConfig: Setting CVar [[r.AmbientOcclusionLevels:-1]]
[2022.02.21-17.44.35:521][  0]LogConfig: Setting CVar [[r.AmbientOcclusionRadiusScale:1.0]]
[2022.02.21-17.44.35:521][  0]LogConfig: Setting CVar [[r.DepthOfFieldQuality:2]]
[2022.02.21-17.44.35:521][  0]LogConfig: Setting CVar [[r.RenderTargetPoolMin:400]]
[2022.02.21-17.44.35:521][  0]LogConfig: Setting CVar [[r.LensFlareQuality:2]]
[2022.02.21-17.44.35:521][  0]LogConfig: Setting CVar [[r.SceneColorFringeQuality:1]]
[2022.02.21-17.44.35:521][  0]LogConfig: Setting CVar [[r.EyeAdaptationQuality:2]]
[2022.02.21-17.44.35:521][  0]LogConfig: Setting CVar [[r.BloomQuality:5]]
[2022.02.21-17.44.35:521][  0]LogConfig: Setting CVar [[r.FastBlurThreshold:100]]
[2022.02.21-17.44.35:521][  0]LogConfig: Setting CVar [[r.Upscale.Quality:3]]
[2022.02.21-17.44.35:521][  0]LogConfig: Setting CVar [[r.Tonemapper.GrainQuantization:1]]
[2022.02.21-17.44.35:521][  0]LogConfig: Setting CVar [[r.LightShaftQuality:1]]
[2022.02.21-17.44.35:521][  0]LogConfig: Setting CVar [[r.Filter.SizeScale:1]]
[2022.02.21-17.44.35:521][  0]LogConfig: Setting CVar [[r.Tonemapper.Quality:5]]
[2022.02.21-17.44.35:521][  0]LogConfig: Setting CVar [[r.DOF.Gather.AccumulatorQuality:1        ; higher gathering accumulator quality]]
[2022.02.21-17.44.35:522][  0]LogConfig: Setting CVar [[r.DOF.Gather.PostfilterMethod:1          ; Median3x3 postfilering method]]
[2022.02.21-17.44.35:522][  0]LogConfig: Setting CVar [[r.DOF.Gather.EnableBokehSettings:0       ; no bokeh simulation when gathering]]
[2022.02.21-17.44.35:522][  0]LogConfig: Setting CVar [[r.DOF.Gather.RingCount:4                 ; medium number of samples when gathering]]
[2022.02.21-17.44.35:522][  0]LogConfig: Setting CVar [[r.DOF.Scatter.ForegroundCompositing:1    ; additive foreground scattering]]
[2022.02.21-17.44.35:522][  0]LogConfig: Setting CVar [[r.DOF.Scatter.BackgroundCompositing:2    ; additive background scattering]]
[2022.02.21-17.44.35:522][  0]LogConfig: Setting CVar [[r.DOF.Scatter.EnableBokehSettings:1      ; bokeh simulation when scattering]]
[2022.02.21-17.44.35:522][  0]LogConfig: Setting CVar [[r.DOF.Scatter.MaxSpriteRatio:0.1         ; only a maximum of 10% of scattered bokeh]]
[2022.02.21-17.44.35:522][  0]LogConfig: Setting CVar [[r.DOF.Recombine.Quality:1                ; cheap slight out of focus]]
[2022.02.21-17.44.35:522][  0]LogConfig: Setting CVar [[r.DOF.Recombine.EnableBokehSettings:0    ; no bokeh simulation on slight out of focus]]
[2022.02.21-17.44.35:522][  0]LogConfig: Setting CVar [[r.DOF.TemporalAAQuality:1                ; more stable temporal accumulation]]
[2022.02.21-17.44.35:522][  0]LogConfig: Setting CVar [[r.DOF.Kernel.MaxForegroundRadius:0.025]]
[2022.02.21-17.44.35:522][  0]LogConfig: Setting CVar [[r.DOF.Kernel.MaxBackgroundRadius:0.025]]
[2022.02.21-17.44.35:522][  0]LogConfig: Applying CVar settings from Section [TextureQuality@3] File [F:/GitRepos/Unreal-Engine-4-Udemy-Projects-C-/Building_Escape/Saved/Config/Windows/Scalability.ini]
[2022.02.21-17.44.35:522][  0]LogConfig: Setting CVar [[r.Streaming.MipBias:0]]
[2022.02.21-17.44.35:522][  0]LogConfig: Setting CVar [[r.Streaming.AmortizeCPUToGPUCopy:0]]
[2022.02.21-17.44.35:522][  0]LogConfig: Setting CVar [[r.Streaming.MaxNumTexturesToStreamPerFrame:0]]
[2022.02.21-17.44.35:522][  0]LogConfig: Setting CVar [[r.Streaming.Boost:1]]
[2022.02.21-17.44.35:522][  0]LogConfig: Setting CVar [[r.MaxAnisotropy:8]]
[2022.02.21-17.44.35:522][  0]LogConfig: Setting CVar [[r.VT.MaxAnisotropy:8]]
[2022.02.21-17.44.35:522][  0]LogConfig: Setting CVar [[r.Streaming.LimitPoolSizeToVRAM:0]]
[2022.02.21-17.44.35:522][  0]LogConfig: Setting CVar [[r.Streaming.PoolSize:1000]]
[2022.02.21-17.44.35:522][  0]LogConfig: Setting CVar [[r.Streaming.MaxEffectiveScreenSize:0]]
[2022.02.21-17.44.35:522][  0]LogConfig: Applying CVar settings from Section [EffectsQuality@3] File [F:/GitRepos/Unreal-Engine-4-Udemy-Projects-C-/Building_Escape/Saved/Config/Windows/Scalability.ini]
[2022.02.21-17.44.35:522][  0]LogConfig: Setting CVar [[r.TranslucencyLightingVolumeDim:64]]
[2022.02.21-17.44.35:522][  0]LogConfig: Setting CVar [[r.RefractionQuality:2]]
[2022.02.21-17.44.35:522][  0]LogConfig: Setting CVar [[r.SSR.Quality:3]]
[2022.02.21-17.44.35:522][  0]LogConfig: Setting CVar [[r.SSR.HalfResSceneColor:0]]
[2022.02.21-17.44.35:522][  0]LogConfig: Setting CVar [[r.SceneColorFormat:4]]
[2022.02.21-17.44.35:522][  0]LogConfig: Setting CVar [[r.DetailMode:2]]
[2022.02.21-17.44.35:522][  0]LogConfig: Setting CVar [[r.TranslucencyVolumeBlur:1]]
[2022.02.21-17.44.35:522][  0]LogConfig: Setting CVar [[r.MaterialQualityLevel:1 ; High quality]]
[2022.02.21-17.44.35:522][  0]LogConfig: Setting CVar [[r.AnisotropicMaterials:1]]
[2022.02.21-17.44.35:522][  0]LogConfig: Setting CVar [[r.SSS.Scale:1]]
[2022.02.21-17.44.35:522][  0]LogConfig: Setting CVar [[r.SSS.SampleSet:2]]
[2022.02.21-17.44.35:522][  0]LogConfig: Setting CVar [[r.SSS.Quality:1]]
[2022.02.21-17.44.35:522][  0]LogConfig: Setting CVar [[r.SSS.HalfRes:0]]
[2022.02.21-17.44.35:522][  0]LogConfig: Setting CVar [[r.SSGI.Quality:3]]
[2022.02.21-17.44.35:522][  0]LogConfig: Setting CVar [[r.EmitterSpawnRateScale:1.0]]
[2022.02.21-17.44.35:522][  0]LogConfig: Setting CVar [[r.ParticleLightQuality:2]]
[2022.02.21-17.44.35:522][  0]LogConfig: Setting CVar [[r.SkyAtmosphere.AerialPerspectiveLUT.FastApplyOnOpaque:1 ; Always have FastSkyLUT 1 in this case to avoid wrong sky]]
[2022.02.21-17.44.35:522][  0]LogConfig: Setting CVar [[r.SkyAtmosphere.AerialPerspectiveLUT.SampleCountMaxPerSlice:4]]
[2022.02.21-17.44.35:522][  0]LogConfig: Setting CVar [[r.SkyAtmosphere.AerialPerspectiveLUT.DepthResolution:16.0]]
[2022.02.21-17.44.35:522][  0]LogConfig: Setting CVar [[r.SkyAtmosphere.FastSkyLUT:1]]
[2022.02.21-17.44.35:522][  0]LogConfig: Setting CVar [[r.SkyAtmosphere.FastSkyLUT.SampleCountMin:4.0]]
[2022.02.21-17.44.35:522][  0]LogConfig: Setting CVar [[r.SkyAtmosphere.FastSkyLUT.SampleCountMax:128.0]]
[2022.02.21-17.44.35:522][  0]LogConfig: Setting CVar [[r.SkyAtmosphere.SampleCountMin:4.0]]
[2022.02.21-17.44.35:522][  0]LogConfig: Setting CVar [[r.SkyAtmosphere.SampleCountMax:128.0]]
[2022.02.21-17.44.35:522][  0]LogConfig: Setting CVar [[r.SkyAtmosphere.TransmittanceLUT.UseSmallFormat:0]]
[2022.02.21-17.44.35:522][  0]LogConfig: Setting CVar [[r.SkyAtmosphere.TransmittanceLUT.SampleCount:10.0]]
[2022.02.21-17.44.35:522][  0]LogConfig: Setting CVar [[r.SkyAtmosphere.MultiScatteringLUT.SampleCount:15.0]]
[2022.02.21-17.44.35:522][  0]LogConfig: Setting CVar [[r.SkyLight.RealTimeReflectionCapture:1]]
[2022.02.21-17.44.35:522][  0]LogConfig: Applying CVar settings from Section [FoliageQuality@3] File [F:/GitRepos/Unreal-Engine-4-Udemy-Projects-C-/Building_Escape/Saved/Config/Windows/Scalability.ini]
[2022.02.21-17.44.35:522][  0]LogConfig: Setting CVar [[foliage.DensityScale:1.0]]
[2022.02.21-17.44.35:522][  0]LogConfig: Setting CVar [[grass.DensityScale:1.0]]
[2022.02.21-17.44.35:522][  0]LogConfig: Applying CVar settings from Section [ShadingQuality@3] File [F:/GitRepos/Unreal-Engine-4-Udemy-Projects-C-/Building_Escape/Saved/Config/Windows/Scalability.ini]
[2022.02.21-17.44.35:522][  0]LogConfig: Setting CVar [[r.HairStrands.SkyLighting.IntegrationType:2]]
[2022.02.21-17.44.35:522][  0]LogConfig: Setting CVar [[r.HairStrands.SkyAO.SampleCount:4]]
[2022.02.21-17.44.35:522][  0]LogConfig: Setting CVar [[r.HairStrands.Visibility.MSAA.SamplePerPixel:4]]
[2022.02.21-17.44.35:522][  0]LogInit: Selected Device Profile: [Windows]
[2022.02.21-17.44.35:522][  0]LogInit: Applying CVar settings loaded from the selected device profile: [Windows]
[2022.02.21-17.44.35:522][  0]LogHAL: Display: Platform has ~ 16 GB [17008439296 / 17179869184 / 16], which maps to Larger [LargestMinGB=32, LargerMinGB=12, DefaultMinGB=8, SmallerMinGB=6, SmallestMinGB=0)
[2022.02.21-17.44.35:522][  0]LogInit: Going up to parent DeviceProfile []
[2022.02.21-17.44.35:522][  0]LogConfig: Applying CVar settings from Section [ViewDistanceQuality@3] File [F:/GitRepos/Unreal-Engine-4-Udemy-Projects-C-/Building_Escape/Saved/Config/Windows/Scalability.ini]
[2022.02.21-17.44.35:522][  0]LogConfig: Setting CVar [[r.SkeletalMeshLODBias:0]]
[2022.02.21-17.44.35:522][  0]LogConfig: Setting CVar [[r.ViewDistanceScale:1.0]]
[2022.02.21-17.44.35:522][  0]LogConfig: Applying CVar settings from Section [AntiAliasingQuality@3] File [F:/GitRepos/Unreal-Engine-4-Udemy-Projects-C-/Building_Escape/Saved/Config/Windows/Scalability.ini]
[2022.02.21-17.44.35:522][  0]LogConfig: Setting CVar [[r.PostProcessAAQuality:4]]
[2022.02.21-17.44.35:522][  0]LogConfig: Applying CVar settings from Section [ShadowQuality@3] File [F:/GitRepos/Unreal-Engine-4-Udemy-Projects-C-/Building_Escape/Saved/Config/Windows/Scalability.ini]
[2022.02.21-17.44.35:522][  0]LogConfig: Setting CVar [[r.LightFunctionQuality:1]]
[2022.02.21-17.44.35:522][  0]LogConfig: Setting CVar [[r.ShadowQuality:5]]
[2022.02.21-17.44.35:522][  0]LogConfig: Setting CVar [[r.Shadow.CSM.MaxCascades:10]]
[2022.02.21-17.44.35:522][  0]LogConfig: Setting CVar [[r.Shadow.MaxResolution:2048]]
[2022.02.21-17.44.35:522][  0]LogConfig: Setting CVar [[r.Shadow.MaxCSMResolution:2048]]
[2022.02.21-17.44.35:522][  0]LogConfig: Setting CVar [[r.Shadow.RadiusThreshold:0.01]]
[2022.02.21-17.44.35:522][  0]LogConfig: Setting CVar [[r.Shadow.DistanceScale:1.0]]
[2022.02.21-17.44.35:522][  0]LogConfig: Setting CVar [[r.Shadow.CSM.TransitionScale:1.0]]
[2022.02.21-17.44.35:522][  0]LogConfig: Setting CVar [[r.Shadow.PreShadowResolutionFactor:1.0]]
[2022.02.21-17.44.35:522][  0]LogConfig: Setting CVar [[r.DistanceFieldShadowing:1]]
[2022.02.21-17.44.35:522][  0]LogConfig: Setting CVar [[r.DistanceFieldAO:1]]
[2022.02.21-17.44.35:522][  0]LogConfig: Setting CVar [[r.AOQuality:2]]
[2022.02.21-17.44.35:522][  0]LogConfig: Setting CVar [[r.VolumetricFog:1]]
[2022.02.21-17.44.35:522][  0]LogConfig: Setting CVar [[r.VolumetricFog.GridPixelSize:8]]
[2022.02.21-17.44.35:522][  0]LogConfig: Setting CVar [[r.VolumetricFog.GridSizeZ:128]]
[2022.02.21-17.44.35:522][  0]LogConfig: Setting CVar [[r.VolumetricFog.HistoryMissSupersampleCount:4]]
[2022.02.21-17.44.35:522][  0]LogConfig: Setting CVar [[r.LightMaxDrawDistanceScale:1]]
[2022.02.21-17.44.35:522][  0]LogConfig: Setting CVar [[r.CapsuleShadows:1]]
[2022.02.21-17.44.35:522][  0]LogConfig: Applying CVar settings from Section [PostProcessQuality@3] File [F:/GitRepos/Unreal-Engine-4-Udemy-Projects-C-/Building_Escape/Saved/Config/Windows/Scalability.ini]
[2022.02.21-17.44.35:522][  0]LogConfig: Setting CVar [[r.MotionBlurQuality:4]]
[2022.02.21-17.44.35:522][  0]LogConfig: Setting CVar [[r.AmbientOcclusionMipLevelFactor:0.4]]
[2022.02.21-17.44.35:522][  0]LogConfig: Setting CVar [[r.AmbientOcclusionMaxQuality:100]]
[2022.02.21-17.44.35:522][  0]LogConfig: Setting CVar [[r.AmbientOcclusionLevels:-1]]
[2022.02.21-17.44.35:522][  0]LogConfig: Setting CVar [[r.AmbientOcclusionRadiusScale:1.0]]
[2022.02.21-17.44.35:522][  0]LogConfig: Setting CVar [[r.DepthOfFieldQuality:2]]
[2022.02.21-17.44.35:522][  0]LogConfig: Setting CVar [[r.RenderTargetPoolMin:400]]
[2022.02.21-17.44.35:523][  0]LogConfig: Setting CVar [[r.LensFlareQuality:2]]
[2022.02.21-17.44.35:523][  0]LogConfig: Setting CVar [[r.SceneColorFringeQuality:1]]
[2022.02.21-17.44.35:523][  0]LogConfig: Setting CVar [[r.EyeAdaptationQuality:2]]
[2022.02.21-17.44.35:523][  0]LogConfig: Setting CVar [[r.BloomQuality:5]]
[2022.02.21-17.44.35:523][  0]LogConfig: Setting CVar [[r.FastBlurThreshold:100]]
[2022.02.21-17.44.35:523][  0]LogConfig: Setting CVar [[r.Upscale.Quality:3]]
[2022.02.21-17.44.35:523][  0]LogConfig: Setting CVar [[r.Tonemapper.GrainQuantization:1]]
[2022.02.21-17.44.35:523][  0]LogConfig: Setting CVar [[r.LightShaftQuality:1]]
[2022.02.21-17.44.35:523][  0]LogConfig: Setting CVar [[r.Filter.SizeScale:1]]
[2022.02.21-17.44.35:523][  0]LogConfig: Setting CVar [[r.Tonemapper.Quality:5]]
[2022.02.21-17.44.35:523][  0]LogConfig: Setting CVar [[r.DOF.Gather.AccumulatorQuality:1        ; higher gathering accumulator quality]]
[2022.02.21-17.44.35:523][  0]LogConfig: Setting CVar [[r.DOF.Gather.PostfilterMethod:1          ; Median3x3 postfilering method]]
[2022.02.21-17.44.35:523][  0]LogConfig: Setting CVar [[r.DOF.Gather.EnableBokehSettings:0       ; no bokeh simulation when gathering]]
[2022.02.21-17.44.35:523][  0]LogConfig: Setting CVar [[r.DOF.Gather.RingCount:4                 ; medium number of samples when gathering]]
[2022.02.21-17.44.35:523][  0]LogConfig: Setting CVar [[r.DOF.Scatter.ForegroundCompositing:1    ; additive foreground scattering]]
[2022.02.21-17.44.35:523][  0]LogConfig: Setting CVar [[r.DOF.Scatter.BackgroundCompositing:2    ; additive background scattering]]
[2022.02.21-17.44.35:523][  0]LogConfig: Setting CVar [[r.DOF.Scatter.EnableBokehSettings:1      ; bokeh simulation when scattering]]
[2022.02.21-17.44.35:523][  0]LogConfig: Setting CVar [[r.DOF.Scatter.MaxSpriteRatio:0.1         ; only a maximum of 10% of scattered bokeh]]
[2022.02.21-17.44.35:523][  0]LogConfig: Setting CVar [[r.DOF.Recombine.Quality:1                ; cheap slight out of focus]]
[2022.02.21-17.44.35:523][  0]LogConfig: Setting CVar [[r.DOF.Recombine.EnableBokehSettings:0    ; no bokeh simulation on slight out of focus]]
[2022.02.21-17.44.35:523][  0]LogConfig: Setting CVar [[r.DOF.TemporalAAQuality:1                ; more stable temporal accumulation]]
[2022.02.21-17.44.35:523][  0]LogConfig: Setting CVar [[r.DOF.Kernel.MaxForegroundRadius:0.025]]
[2022.02.21-17.44.35:523][  0]LogConfig: Setting CVar [[r.DOF.Kernel.MaxBackgroundRadius:0.025]]
[2022.02.21-17.44.35:523][  0]LogConfig: Applying CVar settings from Section [TextureQuality@3] File [F:/GitRepos/Unreal-Engine-4-Udemy-Projects-C-/Building_Escape/Saved/Config/Windows/Scalability.ini]
[2022.02.21-17.44.35:523][  0]LogConfig: Setting CVar [[r.Streaming.MipBias:0]]
[2022.02.21-17.44.35:523][  0]LogConfig: Setting CVar [[r.Streaming.AmortizeCPUToGPUCopy:0]]
[2022.02.21-17.44.35:523][  0]LogConfig: Setting CVar [[r.Streaming.MaxNumTexturesToStreamPerFrame:0]]
[2022.02.21-17.44.35:523][  0]LogConfig: Setting CVar [[r.Streaming.Boost:1]]
[2022.02.21-17.44.35:523][  0]LogConfig: Setting CVar [[r.MaxAnisotropy:8]]
[2022.02.21-17.44.35:523][  0]LogConfig: Setting CVar [[r.VT.MaxAnisotropy:8]]
[2022.02.21-17.44.35:523][  0]LogConfig: Setting CVar [[r.Streaming.LimitPoolSizeToVRAM:0]]
[2022.02.21-17.44.35:523][  0]LogConfig: Setting CVar [[r.Streaming.PoolSize:1000]]
[2022.02.21-17.44.35:523][  0]LogConfig: Setting CVar [[r.Streaming.MaxEffectiveScreenSize:0]]
[2022.02.21-17.44.35:523][  0]LogConfig: Applying CVar settings from Section [EffectsQuality@3] File [F:/GitRepos/Unreal-Engine-4-Udemy-Projects-C-/Building_Escape/Saved/Config/Windows/Scalability.ini]
[2022.02.21-17.44.35:523][  0]LogConfig: Setting CVar [[r.TranslucencyLightingVolumeDim:64]]
[2022.02.21-17.44.35:523][  0]LogConfig: Setting CVar [[r.RefractionQuality:2]]
[2022.02.21-17.44.35:523][  0]LogConfig: Setting CVar [[r.SSR.Quality:3]]
[2022.02.21-17.44.35:523][  0]LogConfig: Setting CVar [[r.SSR.HalfResSceneColor:0]]
[2022.02.21-17.44.35:523][  0]LogConfig: Setting CVar [[r.SceneColorFormat:4]]
[2022.02.21-17.44.35:523][  0]LogConfig: Setting CVar [[r.DetailMode:2]]
[2022.02.21-17.44.35:523][  0]LogConfig: Setting CVar [[r.TranslucencyVolumeBlur:1]]
[2022.02.21-17.44.35:523][  0]LogConfig: Setting CVar [[r.MaterialQualityLevel:1 ; High quality]]
[2022.02.21-17.44.35:523][  0]LogConfig: Setting CVar [[r.AnisotropicMaterials:1]]
[2022.02.21-17.44.35:523][  0]LogConfig: Setting CVar [[r.SSS.Scale:1]]
[2022.02.21-17.44.35:523][  0]LogConfig: Setting CVar [[r.SSS.SampleSet:2]]
[2022.02.21-17.44.35:523][  0]LogConfig: Setting CVar [[r.SSS.Quality:1]]
[2022.02.21-17.44.35:523][  0]LogConfig: Setting CVar [[r.SSS.HalfRes:0]]
[2022.02.21-17.44.35:523][  0]LogConfig: Setting CVar [[r.SSGI.Quality:3]]
[2022.02.21-17.44.35:523][  0]LogConfig: Setting CVar [[r.EmitterSpawnRateScale:1.0]]
[2022.02.21-17.44.35:523][  0]LogConfig: Setting CVar [[r.ParticleLightQuality:2]]
[2022.02.21-17.44.35:523][  0]LogConfig: Setting CVar [[r.SkyAtmosphere.AerialPerspectiveLUT.FastApplyOnOpaque:1 ; Always have FastSkyLUT 1 in this case to avoid wrong sky]]
[2022.02.21-17.44.35:523][  0]LogConfig: Setting CVar [[r.SkyAtmosphere.AerialPerspectiveLUT.SampleCountMaxPerSlice:4]]
[2022.02.21-17.44.35:523][  0]LogConfig: Setting CVar [[r.SkyAtmosphere.AerialPerspectiveLUT.DepthResolution:16.0]]
[2022.02.21-17.44.35:523][  0]LogConfig: Setting CVar [[r.SkyAtmosphere.FastSkyLUT:1]]
[2022.02.21-17.44.35:523][  0]LogConfig: Setting CVar [[r.SkyAtmosphere.FastSkyLUT.SampleCountMin:4.0]]
[2022.02.21-17.44.35:523][  0]LogConfig: Setting CVar [[r.SkyAtmosphere.FastSkyLUT.SampleCountMax:128.0]]
[2022.02.21-17.44.35:523][  0]LogConfig: Setting CVar [[r.SkyAtmosphere.SampleCountMin:4.0]]
[2022.02.21-17.44.35:523][  0]LogConfig: Setting CVar [[r.SkyAtmosphere.SampleCountMax:128.0]]
[2022.02.21-17.44.35:523][  0]LogConfig: Setting CVar [[r.SkyAtmosphere.TransmittanceLUT.UseSmallFormat:0]]
[2022.02.21-17.44.35:523][  0]LogConfig: Setting CVar [[r.SkyAtmosphere.TransmittanceLUT.SampleCount:10.0]]
[2022.02.21-17.44.35:523][  0]LogConfig: Setting CVar [[r.SkyAtmosphere.MultiScatteringLUT.SampleCount:15.0]]
[2022.02.21-17.44.35:523][  0]LogConfig: Setting CVar [[r.SkyLight.RealTimeReflectionCapture:1]]
[2022.02.21-17.44.35:523][  0]LogConfig: Applying CVar settings from Section [FoliageQuality@3] File [F:/GitRepos/Unreal-Engine-4-Udemy-Projects-C-/Building_Escape/Saved/Config/Windows/Scalability.ini]
[2022.02.21-17.44.35:523][  0]LogConfig: Setting CVar [[foliage.DensityScale:1.0]]
[2022.02.21-17.44.35:523][  0]LogConfig: Setting CVar [[grass.DensityScale:1.0]]
[2022.02.21-17.44.35:523][  0]LogConfig: Applying CVar settings from Section [ShadingQuality@3] File [F:/GitRepos/Unreal-Engine-4-Udemy-Projects-C-/Building_Escape/Saved/Config/Windows/Scalability.ini]
[2022.02.21-17.44.35:523][  0]LogConfig: Setting CVar [[r.HairStrands.SkyLighting.IntegrationType:2]]
[2022.02.21-17.44.35:523][  0]LogConfig: Setting CVar [[r.HairStrands.SkyAO.SampleCount:4]]
[2022.02.21-17.44.35:523][  0]LogConfig: Setting CVar [[r.HairStrands.Visibility.MSAA.SamplePerPixel:4]]
[2022.02.21-17.44.35:523][  0]LogConfig: Applying CVar settings from Section [Startup] File [../../../Engine/Config/ConsoleVariables.ini]
[2022.02.21-17.44.35:539][  0]LogConfig: Setting CVar [[net.UseAdaptiveNetUpdateFrequency:0]]
[2022.02.21-17.44.35:540][  0]LogConfig: Setting CVar [[p.chaos.AllowCreatePhysxBodies:1]]
[2022.02.21-17.44.35:540][  0]LogConfig: Setting CVar [[fx.SkipVectorVMBackendOptimizations:1]]
[2022.02.21-17.44.35:540][  0]LogConfig: Applying CVar settings from Section [ConsoleVariables] File [F:/GitRepos/Unreal-Engine-4-Udemy-Projects-C-/Building_Escape/Saved/Config/Windows/Engine.ini]
[2022.02.21-17.44.35:540][  0]LogConfig: Applying CVar settings from Section [ConsoleVariables] File [F:/GitRepos/Unreal-Engine-4-Udemy-Projects-C-/Building_Escape/Saved/Config/Windows/Editor.ini]
[2022.02.21-17.44.35:540][  0]LogInit: Computer: DESKTOP-FV9P8C5
[2022.02.21-17.44.35:540][  0]LogInit: User: mert
[2022.02.21-17.44.35:540][  0]LogInit: CPU Page size=4096, Cores=6
[2022.02.21-17.44.35:540][  0]LogInit: High frequency timer resolution =10.000000 MHz
[2022.02.21-17.44.35:540][  0]LogMemory: Memory total: Physical=15.8GB (16GB approx)
[2022.02.21-17.44.35:540][  0]LogMemory: Platform Memory Stats for Windows
[2022.02.21-17.44.35:540][  0]LogMemory: Process Physical Memory: 142.40 MB used, 142.41 MB peak
[2022.02.21-17.44.35:540][  0]LogMemory: Process Virtual Memory: 113.72 MB used, 113.72 MB peak
[2022.02.21-17.44.35:540][  0]LogMemory: Physical Memory: 12688.73 MB used,  3531.78 MB free, 16220.51 MB total
[2022.02.21-17.44.35:540][  0]LogMemory: Virtual Memory: 134210528.00 MB used,  7199.14 MB free, 134217728.00 MB total
[2022.02.21-17.44.35:544][  0]LogWindows: WindowsPlatformFeatures enabled
[2022.02.21-17.44.35:811][  0]LogInit: Physics initialised using underlying interface: PhysX
[2022.02.21-17.44.35:838][  0]LogInit: Using OS detected language (tr-TR).
[2022.02.21-17.44.35:838][  0]LogInit: Using OS detected locale (en-US).
[2022.02.21-17.44.35:840][  0]LogTextLocalizationManager: No localization for 'tr-TR' exists, so 'en' will be used for the language.
[2022.02.21-17.44.36:665][  0]LogInit: Setting process to per monitor DPI aware
[2022.02.21-17.44.36:677][  0]LogWindowsTextInputMethodSystem: Display: IME system deactivated.
[2022.02.21-17.44.36:729][  0]LogSlate: New Slate User Created.  User Index 0, Is Virtual User: 0
[2022.02.21-17.44.36:729][  0]LogSlate: Slate User Registered.  User Index 0, Is Virtual User: 0
[2022.02.21-17.44.37:289][  0]LogD3D11RHI: Loaded GFSDK_Aftermath_Lib.x64.dll
[2022.02.21-17.44.37:292][  0]LogHMD: Failed to initialize OpenVR with code 110
[2022.02.21-17.44.37:292][  0]LogD3D11RHI: D3D11 min allowed feature level: 11_0
[2022.02.21-17.44.37:292][  0]LogD3D11RHI: D3D11 max allowed feature level: 11_0
[2022.02.21-17.44.37:292][  0]LogD3D11RHI: D3D11 adapters:
[2022.02.21-17.44.37:383][  0]LogD3D11RHI:    0. 'NVIDIA GeForce RTX 2060' (Feature Level 11_0)
[2022.02.21-17.44.37:383][  0]LogD3D11RHI:       5980/0/8110 MB DedicatedVideo/DedicatedSystem/SharedSystem, Outputs:2, VendorId:0x10de
[2022.02.21-17.44.37:530][  0]LogD3D11RHI:    1. 'Intel(R) UHD Graphics' (Feature Level 11_0)
[2022.02.21-17.44.37:530][  0]LogD3D11RHI:       128/0/8110 MB DedicatedVideo/DedicatedSystem/SharedSystem, Outputs:1, VendorId:0x8086
[2022.02.21-17.44.37:531][  0]LogD3D11RHI:    2. 'Microsoft Basic Render Driver' (Feature Level 11_0)
[2022.02.21-17.44.37:531][  0]LogD3D11RHI:       0/0/8110 MB DedicatedVideo/DedicatedSystem/SharedSystem, Outputs:0, VendorId:0x1414
[2022.02.21-17.44.37:531][  0]LogD3D11RHI: Chosen D3D11 Adapter:
[2022.02.21-17.44.37:531][  0]LogD3D11RHI:     Description : NVIDIA GeForce RTX 2060
[2022.02.21-17.44.37:531][  0]LogD3D11RHI:     VendorId    : 10de
[2022.02.21-17.44.37:531][  0]LogD3D11RHI:     DeviceId    : 1f15
[2022.02.21-17.44.37:532][  0]LogD3D11RHI:     SubSysId    : 10971d05
[2022.02.21-17.44.37:532][  0]LogD3D11RHI:     Revision    : 00a1
[2022.02.21-17.44.37:532][  0]LogD3D11RHI:     DedicatedVideoMemory : 6270484480 bytes
[2022.02.21-17.44.37:532][  0]LogD3D11RHI:     DedicatedSystemMemory : 0 bytes
[2022.02.21-17.44.37:532][  0]LogD3D11RHI:     SharedSystemMemory : 8504219648 bytes
[2022.02.21-17.44.37:532][  0]LogD3D11RHI:     AdapterLuid : 0 80275
[2022.02.21-17.44.37:539][  0]LogD3D11RHI: Creating new Direct3DDevice
[2022.02.21-17.44.37:539][  0]LogD3D11RHI:     GPU DeviceId: 0x1f15 (for the marketing name, search the web for "GPU Device Id")
[2022.02.21-17.44.37:539][  0]LogWindows: EnumDisplayDevices:
[2022.02.21-17.44.37:539][  0]LogWindows:    0. 'Intel(R) UHD Graphics' (P:0 D:1)
[2022.02.21-17.44.37:539][  0]LogWindows:    1. 'Intel(R) UHD Graphics' (P:0 D:0)
[2022.02.21-17.44.37:539][  0]LogWindows:    2. 'Intel(R) UHD Graphics' (P:0 D:0)
[2022.02.21-17.44.37:539][  0]LogWindows:    3. 'NVIDIA GeForce RTX 2060' (P:0 D:1)
[2022.02.21-17.44.37:539][  0]LogWindows:    4. 'NVIDIA GeForce RTX 2060' (P:1 D:1)
[2022.02.21-17.44.37:539][  0]LogWindows:    5. 'NVIDIA GeForce RTX 2060' (P:0 D:0)
[2022.02.21-17.44.37:539][  0]LogWindows:    6. 'NVIDIA GeForce RTX 2060' (P:0 D:0)
[2022.02.21-17.44.37:539][  0]LogWindows: DebugString: PrimaryIsNotTheChoosenAdapter PrimaryIsNotTheChoosenAdapter PrimaryIsNotTheChoosenAdapter FoundDriverCount:4 
[2022.02.21-17.44.37:539][  0]LogD3D11RHI:     Adapter Name: NVIDIA GeForce RTX 2060
[2022.02.21-17.44.37:539][  0]LogD3D11RHI:   Driver Version: 471.96 (internal:30.0.14.7196, unified:471.96)
[2022.02.21-17.44.37:539][  0]LogD3D11RHI:      Driver Date: 8-27-2021
[2022.02.21-17.44.37:539][  0]LogRHI: Texture pool is 4186 MB (70% of 5980 MB)
[2022.02.21-17.44.37:539][  0]LogD3D11RHI: Creating D3DDevice using adapter:
[2022.02.21-17.44.37:539][  0]LogD3D11RHI:     Description : NVIDIA GeForce RTX 2060
[2022.02.21-17.44.37:539][  0]LogD3D11RHI:     VendorId    : 10de
[2022.02.21-17.44.37:539][  0]LogD3D11RHI:     DeviceId    : 1f15
[2022.02.21-17.44.37:539][  0]LogD3D11RHI:     SubSysId    : 10971d05
[2022.02.21-17.44.37:539][  0]LogD3D11RHI:     Revision    : 00a1
[2022.02.21-17.44.37:539][  0]LogD3D11RHI:     DedicatedVideoMemory : 6270484480 bytes
[2022.02.21-17.44.37:539][  0]LogD3D11RHI:     DedicatedSystemMemory : 0 bytes
[2022.02.21-17.44.37:539][  0]LogD3D11RHI:     SharedSystemMemory : 8504219648 bytes
[2022.02.21-17.44.37:539][  0]LogD3D11RHI:     AdapterLuid : 0 80275
[2022.02.21-17.44.37:618][  0]LogD3D11RHI: RHI has support for 64 bit atomics
[2022.02.21-17.44.37:618][  0]LogD3D11RHI: Async texture creation enabled
[2022.02.21-17.44.37:618][  0]LogD3D11RHI: Array index from any shader is supported
[2022.02.21-17.44.37:638][  0]LogD3D11RHI: GPU Timing Frequency: 1000.000000 (Debug: 2 1)
[2022.02.21-17.44.37:712][  0]LogRHI: GeForceNow SDK initialized: 1
[2022.02.21-17.44.38:419][  0]LogTargetPlatformManager: Display: Loaded TargetPlatform 'AllDesktop'
[2022.02.21-17.44.38:449][  0]LogTargetPlatformManager: Display: Loaded TargetPlatform 'Android'
[2022.02.21-17.44.38:449][  0]LogTargetPlatformManager: Display: Loaded TargetPlatform 'Android_ASTC'
[2022.02.21-17.44.38:449][  0]LogTargetPlatformManager: Display: Loaded TargetPlatform 'Android_DXT'
[2022.02.21-17.44.38:449][  0]LogTargetPlatformManager: Display: Loaded TargetPlatform 'Android_ETC2'
[2022.02.21-17.44.38:449][  0]LogTargetPlatformManager: Display: Loaded TargetPlatform 'AndroidClient'
[2022.02.21-17.44.38:449][  0]LogTargetPlatformManager: Display: Loaded TargetPlatform 'Android_ASTCClient'
[2022.02.21-17.44.38:449][  0]LogTargetPlatformManager: Display: Loaded TargetPlatform 'Android_DXTClient'
[2022.02.21-17.44.38:449][  0]LogTargetPlatformManager: Display: Loaded TargetPlatform 'Android_ETC2Client'
[2022.02.21-17.44.38:449][  0]LogTargetPlatformManager: Display: Loaded TargetPlatform 'Android_Multi'
[2022.02.21-17.44.38:449][  0]LogTargetPlatformManager: Display: Loaded TargetPlatform 'Android_MultiClient'
[2022.02.21-17.44.38:510][  0]LogTargetPlatformManager: Display: Loaded TargetPlatform 'IOSClient'
[2022.02.21-17.44.38:510][  0]LogTargetPlatformManager: Display: Loaded TargetPlatform 'IOS'
[2022.02.21-17.44.38:549][  0]LogTargetPlatformManager: Display: Loaded TargetPlatform 'Linux'
[2022.02.21-17.44.38:554][  0]LogTargetPlatformManager: Display: Loaded TargetPlatform 'LinuxNoEditor'
[2022.02.21-17.44.38:558][  0]LogTargetPlatformManager: Display: Loaded TargetPlatform 'LinuxClient'
[2022.02.21-17.44.38:562][  0]LogTargetPlatformManager: Display: Loaded TargetPlatform 'LinuxServer'
[2022.02.21-17.44.38:571][  0]LogTargetPlatformManager: Display: Loaded TargetPlatform 'LinuxAArch64NoEditor'
[2022.02.21-17.44.38:575][  0]LogTargetPlatformManager: Display: Loaded TargetPlatform 'LinuxAArch64Client'
[2022.02.21-17.44.38:579][  0]LogTargetPlatformManager: Display: Loaded TargetPlatform 'LinuxAArch64Server'
[2022.02.21-17.44.38:614][  0]LogTargetPlatformManager: Display: Loaded TargetPlatform 'Lumin'
[2022.02.21-17.44.38:614][  0]LogTargetPlatformManager: Display: Loaded TargetPlatform 'LuminClient'
[2022.02.21-17.44.38:622][  0]LogTargetPlatformManager: Display: Loaded TargetPlatform 'MacNoEditor'
[2022.02.21-17.44.38:657][  0]LogTargetPlatformManager: Display: Loaded TargetPlatform 'Mac'
[2022.02.21-17.44.38:661][  0]LogTargetPlatformManager: Display: Loaded TargetPlatform 'MacClient'
[2022.02.21-17.44.38:664][  0]LogTargetPlatformManager: Display: Loaded TargetPlatform 'MacServer'
[2022.02.21-17.44.38:675][  0]LogTargetPlatformManager: Display: Loaded TargetPlatform 'TVOSClient'
[2022.02.21-17.44.38:675][  0]LogTargetPlatformManager: Display: Loaded TargetPlatform 'TVOS'
[2022.02.21-17.44.38:683][  0]LogTargetPlatformManager: Display: Loaded TargetPlatform 'WindowsNoEditor'
[2022.02.21-17.44.38:705][  0]LogTargetPlatformManager: Display: Loaded TargetPlatform 'Windows'
[2022.02.21-17.44.38:710][  0]LogTargetPlatformManager: Display: Loaded TargetPlatform 'WindowsClient'
[2022.02.21-17.44.38:714][  0]LogTargetPlatformManager: Display: Loaded TargetPlatform 'WindowsServer'
[2022.02.21-17.44.38:714][  0]LogTargetPlatformManager: Display: Building Assets For Windows
[2022.02.21-17.44.38:763][  0]LogAudioDebug: Display: Lib vorbis DLL was dynamically loaded.
[2022.02.21-17.44.38:875][  0]LogTextureFormatOodle: Display: Oodle Texture 2.9.0 init RDO Off
[2022.02.21-17.44.39:169][  0]LogRendererCore: Ray tracing is disabled. Reason: r.RayTracing=0.
[2022.02.21-17.44.39:169][  0]LogShaderCompilers: Guid format shader working directory is -27 characters bigger than the processId version (../../../../../GitRepos/Unreal-Engine-4-Udemy-Projects-C-/Building_Escape/Intermediate/Shaders/WorkingDirectory/9396/).
[2022.02.21-17.44.39:169][  0]LogShaderCompilers: Cleaned the shader compiler working directory 'C:/Users/mert_/AppData/Local/Temp/UnrealShaderWorkingDir/77C5195A4FB92AEB4150788E60DF3179/'.
[2022.02.21-17.44.39:169][  0]LogXGEController: Cannot use XGE Controller as Incredibuild is not installed on this machine.
[2022.02.21-17.44.39:170][  0]LogShaderCompilers: Cannot use XGE Shader Compiler as Incredibuild is not installed on this machine.
[2022.02.21-17.44.39:170][  0]LogShaderCompilers: Display: Using Local Shader Compiler.
[2022.02.21-17.44.43:468][  0]LogDerivedDataCache: Display: Max Cache Size: 512 MB
[2022.02.21-17.44.43:581][  0]LogDerivedDataCache: Loaded boot cache 0.11s 94MB C:/Users/mert_/AppData/Local/UnrealEngine/4.27/DerivedDataCache/Boot.ddc.
[2022.02.21-17.44.43:581][  0]LogDerivedDataCache: Display: Loaded Boot cache: C:/Users/mert_/AppData/Local/UnrealEngine/4.27/DerivedDataCache/Boot.ddc
[2022.02.21-17.44.43:581][  0]LogDerivedDataCache: FDerivedDataBackendGraph:  Pak pak cache file ../../../../../GitRepos/Unreal-Engine-4-Udemy-Projects-C-/Building_Escape/DerivedDataCache/DDC.ddp not found, will not use a pak cache.
[2022.02.21-17.44.43:581][  0]LogDerivedDataCache: Unable to find inner node Pak for hierarchical cache Hierarchy.
[2022.02.21-17.44.43:581][  0]LogDerivedDataCache: FDerivedDataBackendGraph:  CompressedPak pak cache file ../../../../../GitRepos/Unreal-Engine-4-Udemy-Projects-C-/Building_Escape/DerivedDataCache/Compressed.ddp not found, will not use a pak cache.
[2022.02.21-17.44.43:581][  0]LogDerivedDataCache: Unable to find inner node CompressedPak for hierarchical cache Hierarchy.
[2022.02.21-17.44.43:613][  0]LogDerivedDataCache: Display: Pak cache opened for reading ../../../Engine/DerivedDataCache/Compressed.ddp.
[2022.02.21-17.44.43:613][  0]LogDerivedDataCache: FDerivedDataBackendGraph:  EnterprisePak pak cache file ../../../Enterprise/DerivedDataCache/Compressed.ddp not found, will not use a pak cache.
[2022.02.21-17.44.43:613][  0]LogDerivedDataCache: Unable to find inner node EnterprisePak for hierarchical cache Hierarchy.
[2022.02.21-17.44.43:624][  0]LogDerivedDataCache: Speed tests for C:/Users/mert_/AppData/Local/UnrealEngine/Common/DerivedDataCache took 0.01 seconds
[2022.02.21-17.44.43:624][  0]LogDerivedDataCache: Display: Performance to C:/Users/mert_/AppData/Local/UnrealEngine/Common/DerivedDataCache: Latency=0.07ms. RandomReadSpeed=248.07MBs, RandomWriteSpeed=169.62MBs. Assigned SpeedClass 'Local'
[2022.02.21-17.44.43:625][  0]LogDerivedDataCache: Using Local data cache path C:/Users/mert_/AppData/Local/UnrealEngine/Common/DerivedDataCache: Writable
[2022.02.21-17.44.43:625][  0]LogDerivedDataCache: Shared data cache path not found in *engine.ini, will not use an Shared cache.
[2022.02.21-17.44.43:625][  0]LogDerivedDataCache: Unable to find inner node Shared for hierarchical cache Hierarchy.
[2022.02.21-17.44.43:680][  0]LogSlate: Using FreeType 2.10.0
[2022.02.21-17.44.43:680][  0]LogSlate: SlateFontServices - WITH_FREETYPE: 1, WITH_HARFBUZZ: 1
[2022.02.21-17.44.43:801][  0]LogAssetRegistry: FAssetRegistry took 0.0027 seconds to start up
[2022.02.21-17.44.44:093][  0]LogInit: Selected Device Profile: [Windows]
[2022.02.21-17.44.44:093][  0]LogInit: Active device profile: [000001C7E13ECF00][000001C7E06AF100 49] Windows
[2022.02.21-17.44.44:093][  0]LogInit: Profiles: [000001C7E13ECF00][000001C7E06AF100 49] Windows, [000001C7E139EA00][000001C7E06BB280 49] WindowsNoEditor, [000001C7E13EDF00][000001C7E06CB400 49] WindowsServer, [000001C7E139DC00][000001C7E06CF580 49] WindowsClient, [000001C7E13ED000][000001C7E06D3700 49] IOS, [000001C7E139D800][000001C7E06D7880 49] iPadAir, [000001C7E13EF300][000001C7E06DBA00 49] iPadAir2, [000001C7E125D300][000001C7E06E2140 49] IPadPro, [000001C7E125D400][000001C7E06DE180 49] iPadAir3, [000001C7E139CB00][000001C7E06E6300 49] iPadAir4, [000001C7E125E100][000001C7E06EA480 49] iPadMini2, [000001C7E139FA00][000001C7E06EE600 49] iPadMini3, [000001C7E125EC00][000001C7E06F2780 49] iPadMini4, [000001C7E139ED00][000001C7E06F6900 49] iPadMini5, [000001C7E1274E00][000001C7E06FAB40 49] iPhone6, [000001C7E1274F00][000001C7E06B2B80 49] iPodTouch6, [000001C7E13EE800][000001C7E0702DC0 49] iPhone7, [000001C7E13EE900][000001C7E06FEE00 49] iPodTouch7, [000001C7E125CC00][000001C7E070AF80 49] iPhone5S, [000001C7E13ED300][000001C7E070F100 49] iPhone6Plus, [000001C7E13EFA00][000001C7E0713280 49] iPhone6S, [000001C7E1275300][000001C7E0717400 49] iPhone6SPlus, [000001C7E13ECB00][000001C7E071B580 49] iPhone7Plus, [000001C7E1275600][000001C7E071F700 49] iPhoneSE, [000001C7E13ECA00][000001C7E0723880 49] iPhone8, [000001C7E1275200][000001C7E0727A00 49] iPhone8Plus, [000001C7E125EB00][000001C7E072BB80 49] iPhoneX, [000001C7E1274C00][000001C7E072E180 49] iPhoneXS, [000001C7E125FA00][000001C7E0732300 49] iPhoneXSMax, [000001C7E1277800][000001C7E0736480 49] iPhoneXR, [000001C7E125CD00][000001C7E073A600 49] iPhone11, [000001C7E1276600][000001C7E1750780 49] iPhone11Pro, [000001C7E125E900][000001C7E1754900 49] iPhone11ProMax, [000001C7E1274200][000001C7E1758A80 49] iPhoneSE2, [000001C7E125CB00][000001C7E0706BC0 49] iPhone12Mini, [000001C7E1276A00][000001C7E175CD00 49] iPhone12, [000001C7E125EE00][000001C7E1760E40 49] iPhone12Pro, [000001C7E1274A00][000001C7E1764F80 49] iPhone12ProMax, [000001C7E125F200][000001C7E176D100 49] iPadPro105, [000001C7E1277600][000001C7E1771280 49] iPadPro129, [000001C7E125E000][000001C7E1775400 49] iPadPro97, [000001C7E1276000][000001C7E1779580 49] iPadPro2_129, [000001C7E125E400][000001C7E177D700 49] iPad5, [000001C7E1275400][000001C7E1781880 49] iPad6, [000001C7E125D000][000001C7E1785A00 49] iPad7, [000001C7E1275700][000001C7E1789B80 49] iPad8, [000001C7E125FC00][000001C7E178C180 49] iPadPro11, [000001C7E1275800][000001C7E1790300 49] iPadPro2_11, [000001C7E125C600][000001C7E1794480 49] iPadPro3_129, [000001C7E1274D00][000001C7E1798600 49] iPadPro4_129, [000001C7E125F100][000001C7E179C780 49] AppleTV, [000001C7E1274800][000001C7E17A0900 49] AppleTV4K, [000001C7E125C500][000001C7E17A4A80 49] TVOS, [000001C7E1274500][000001C7E17A8C00 49] Mac, [000001C7E125C700][000001C7E1768D40 49] MacClient, [000001C7E1275500][000001C7E17ACE80 49] MacNoEditor, [000001C7E125D500][000001C7E17B0FC0 49] MacServer, [000001C7E1276E00][000001C7E17B5100 49] Linux, [000001C7E125C400][000001C7E17BD280 49] LinuxAArch64, [000001C7E1275E00][000001C7E17C1400 49] LinuxNoEditor, [000001C7E125DC00][000001C7E17C5580 49] LinuxAArch64NoEditor, [000001C7E1276900][000001C7E17C9700 49] LinuxClient, [000001C7E125ED00][000001C7E17CD880 49] LinuxAArch64Client, [000001C7E1274100][000001C7E17D1A00 49] LinuxServer, [000001C7E125DE00][000001C7E17D5B80 49] LinuxAArch64Server, [000001C7E1274B00][000001C7E17D8180 49] Android, [000001C7E125DA00][000001C7E17DC300 49] Android_Low, [000001C7E1276F00][000001C7E17E0480 49] Android_Mid, [000001C7E125D100][000001C7E17E4600 49] Android_High, [000001C7E1277000][000001C7E17E8780 49] Android_Default, [000001C7E125D700][000001C7E17EC900 49] Android_Adreno4xx, [000001C7E1275900][000001C7E17F0A80 49] Android_Adreno5xx_Low, [000001C7E125CA00][000001C7E17F4C00 49] Android_Adreno5xx, [000001C7E1277400][000001C7E17F8D80 49] Android_Adreno6xx, [000001C7E125CE00][000001C7E17FCF00 49] Android_Adreno6xx_Vulkan, [000001C7E1277100][000001C7E17B9040 49] Android_Mali_T6xx, [000001C7E13EDE00][000001C7E1801180 49] Android_Mali_T7xx, [000001C7E139C800][000001C7E18052C0 49] Android_Mali_T8xx, [000001C7E13ED200][000001C7E180D440 49] Android_Mali_G71, [000001C7E139CE00][000001C7E18115C0 49] Android_Mali_G72, [000001C7E13ED100][000001C7E1815740 49] Android_Mali_G72_Vulkan, [000001C7E139EB00][000001C7E18198C0 49] Android_Mali_G76, [000001C7E13ED500][000001C7E181DA40 49] Android_Mali_G76_Vulkan, [000001C7E139E600][000001C7E1821BC0 49] Android_Mali_G77, [000001C7E13EFF00][000001C7E18241C0 49] Android_Mali_G77_Vulkan, [000001C7E139E300][000001C7E1828340 49] Android_Mali_G78, [000001C7E13EC300][000001C7E182C4C0 49] Android_Mali_G78_Vulkan, [000001C7E139C400][000001C7E1830640 49] Android_Mali_G710, [000001C7E13EF700][000001C7E18347C0 49] Android_Mali_G710_Vulkan, [000001C7E139F700][000001C7E1838940 49] Android_Vulkan_SM5, [000001C7E13EC800][000001C7E183CAC0 49] Android_PowerVR_G6xxx, [000001C7E139CA00][000001C7E1840C40 49] Android_PowerVR_GT7xxx, [000001C7E13ECD00][000001C7E1844DC0 49] Android_PowerVR_GE8xxx, [000001C7E139D500][000001C7E1848F40 49] Android_PowerVR_GM9xxx, [000001C7E13EC600][000001C7E184D0C0 49] Android_PowerVR_GM9xxx_Vulkan, [000001C7E139D200][000001C7E1809200 49] Android_TegraK1, [000001C7E13EEB00][000001C7E1851340 49] Android_Unknown_Vulkan, [000001C7E139F600][000001C7E1855480 49] Lumin, [000001C7E13EE000][000001C7E18595C0 49] Lumin_Desktop, [000001C7E139F400][000001C7E1861740 49] HoloLens, 
[2022.02.21-17.44.44:885][  0]LogMeshReduction: Using QuadricMeshReduction for automatic static mesh reduction
[2022.02.21-17.44.44:885][  0]LogMeshReduction: Using SimplygonMeshReduction for automatic skeletal mesh reduction
[2022.02.21-17.44.44:885][  0]LogMeshReduction: Using ProxyLODMeshReduction for automatic mesh merging
[2022.02.21-17.44.44:885][  0]LogMeshReduction: No distributed automatic mesh merging module available
[2022.02.21-17.44.44:885][  0]LogMeshMerging: No distributed automatic mesh merging module available
[2022.02.21-17.44.44:977][  0]LogNetVersion: Building_Escape 1.0.0, NetCL: 17155196, EngineNetVer: 17, GameNetVer: 0 (Checksum: 2340006880)
[2022.02.21-17.44.50:028][  0]LogTexture: Default maximum texture size for cubemaps generated from long-lat sources has been changed from 512 to unlimited. In order to preserve old behaiour for '/Engine/MapTemplates/Sky/DaylightAmbientCubemap.DaylightAmbientCubemap', its maximum texture size has been explicitly set to 512.
[2022.02.21-17.44.50:276][  0]LogHMD: PokeAHoleMaterial loaded successfully
[2022.02.21-17.44.50:285][  0]LogUObjectArray: 17178 objects as part of root set at end of initial load.
[2022.02.21-17.44.50:285][  0]LogUObjectAllocator: 4302048 out of 0 bytes used by permanent object pool.
[2022.02.21-17.44.50:285][  0]LogUObjectArray: CloseDisregardForGC: 0/0 objects in disregard for GC pool
[2022.02.21-17.44.52:241][  0]LogNiagaraDebuggerClient: Niagara Debugger Client Initialized | Session: 2BC106FE4FD77328E454DAB50ABDBB76 | Instance: 494DF28F4319B3C31633A6ADC2BC5DF4 (DESKTOP-FV9P8C5-9396).
[2022.02.21-17.44.52:511][  0]LogPython: Using Python 3.7.7
[2022.02.21-17.44.53:819][  0]LogTcpMessaging: Initializing TcpMessaging bridge
[2022.02.21-17.44.53:839][  0]LogUdpMessaging: Initializing bridge on interface 0.0.0.0:0 to multicast group 230.0.0.1:6666.
[2022.02.21-17.44.54:096][  0]LogLinker: Warning: Failed to load '/Game/ThirdPersonBP/ThirdPersonOverview': Can't find file.
[2022.02.21-17.44.54:096][  0]LogLinker: Warning: Failed to load '/Game/ThirdPersonBP/ThirdPersonOverview': Can't find file.
[2022.02.21-17.44.54:096][  0]LogUObjectGlobals: Warning: Failed to find object 'Class /Game/ThirdPersonBP/ThirdPersonOverview.ThirdPersonOverview_C'
[2022.02.21-17.44.54:268][  0]SourceControl: Source control is disabled
[2022.02.21-17.44.54:268][  0]SourceControl: Source control is disabled
[2022.02.21-17.44.54:332][  0]SourceControl: Source control is disabled
[2022.02.21-17.44.54:357][  0]SourceControl: Source control is disabled
[2022.02.21-17.44.54:511][  0]SourceControl: Source control is disabled
[2022.02.21-17.44.54:557][  0]LogUProjectInfo: Found projects:
[2022.02.21-17.44.55:935][  0]LogOpenImageDenoise: OIDN starting up
[2022.02.21-17.44.56:146][  0]LogAndroidPermission: UAndroidPermissionCallbackProxy::GetInstance
[2022.02.21-17.44.56:209][  0]LogAudioCaptureCore: Display: No Audio Capture implementations found. Audio input will be silent.
[2022.02.21-17.44.56:209][  0]LogAudioCaptureCore: Display: No Audio Capture implementations found. Audio input will be silent.
[2022.02.21-17.44.57:399][  0]LogCollectionManager: Loaded 0 collections in 0.001505 seconds
[2022.02.21-17.44.57:657][  0]LogFileCache: Scanning file cache for directory 'F:/GitRepos/Unreal-Engine-4-Udemy-Projects-C-/Building_Escape/Saved/Collections/' took 0.00s
[2022.02.21-17.44.57:657][  0]LogFileCache: Scanning file cache for directory 'F:/GitRepos/Unreal-Engine-4-Udemy-Projects-C-/Building_Escape/Content/Developers/mert/Collections/' took 0.00s
[2022.02.21-17.44.57:657][  0]LogFileCache: Scanning file cache for directory 'F:/GitRepos/Unreal-Engine-4-Udemy-Projects-C-/Building_Escape/Content/Collections/' took 0.00s
[2022.02.21-17.44.57:657][  0]LogOcInput: OculusInput pre-init called
[2022.02.21-17.44.58:227][  0]LogEngine: Initializing Engine...
[2022.02.21-17.44.58:247][  0]LogHMD: Failed to enumerate extensions. Please check that you have a valid OpenXR runtime installed.
[2022.02.21-17.44.58:248][  0]LogHMD: Failed to initialize OpenVR with code 110
[2022.02.21-17.44.58:248][  0]LogMagicLeap: Warning: VR disabled because ZI is not enabled.  To enable, in the editor, Edit -> Project Settings -> Plugins -> Magic Leap Plugin -> Enable Zero Iteration
[2022.02.21-17.44.58:249][  0]LogStats: UGameplayTagsManager::InitializeManager -  0.000 s
[2022.02.21-17.44.58:730][  0]LogInit: Initializing FReadOnlyCVARCache
[2022.02.21-17.44.58:759][  0]LogAIModule: Creating AISystem for world Untitled
[2022.02.21-17.44.58:759][  0]LogAudio: Display: Initializing Audio Device Manager...
[2022.02.21-17.44.58:762][  0]LogAudio: Display: Loading Default Audio Settings Objects...
[2022.02.21-17.44.58:763][  0]LogAudio: Display: No default SoundConcurrencyObject specified (or failed to load).
[2022.02.21-17.44.58:765][  0]LogAudio: Display: Audio Device Manager Initialized
[2022.02.21-17.44.58:765][  0]LogAudio: Display: Creating Audio Device:                 Id: 1, Scope: Shared, Realtime: True
[2022.02.21-17.44.58:765][  0]LogAudioMixer: Display: Audio Mixer Platform Settings:
[2022.02.21-17.44.58:765][  0]LogAudioMixer: Display: 	Sample Rate:						  48000
[2022.02.21-17.44.58:765][  0]LogAudioMixer: Display: 	Callback Buffer Frame Size Requested: 1024
[2022.02.21-17.44.58:765][  0]LogAudioMixer: Display: 	Callback Buffer Frame Size To Use:	  1024
[2022.02.21-17.44.58:765][  0]LogAudioMixer: Display: 	Number of buffers to queue:			  2
[2022.02.21-17.44.58:765][  0]LogAudioMixer: Display: 	Max Channels (voices):				  32
[2022.02.21-17.44.58:765][  0]LogAudioMixer: Display: 	Number of Async Source Workers:		  0
[2022.02.21-17.44.58:765][  0]LogAudio: Display: AudioDevice MaxSources: 32
[2022.02.21-17.44.58:766][  0]LogAudio: Display: Audio Spatialization Plugin: None (built-in).
[2022.02.21-17.44.58:766][  0]LogAudio: Display: Audio Reverb Plugin: None (built-in).
[2022.02.21-17.44.58:766][  0]LogAudio: Display: Audio Occlusion Plugin: None (built-in).
[2022.02.21-17.44.58:766][  0]LogAudioMixer: Display: Initializing audio mixer.
[2022.02.21-17.44.58:833][  0]LogAudioMixer: Display: 0: FrontLeft
[2022.02.21-17.44.58:833][  0]LogAudioMixer: Display: 1: FrontRight
[2022.02.21-17.44.58:850][  0]LogAudioMixer: Display: Using Audio Device Audio (THX Spatial Audio)
[2022.02.21-17.44.58:850][  0]LogAudioMixer: Display: Initializing Sound Submixes...
[2022.02.21-17.44.58:854][  0]LogAudioMixer: Display: Creating Master Submix 'MasterSubmixDefault'
[2022.02.21-17.44.58:854][  0]LogAudioMixer: Display: Creating Master Submix 'MasterReverbSubmixDefault'
[2022.02.21-17.44.58:855][  0]LogAudioMixer: Display: Creating Master Submix 'MasterEQSubmixDefault'
[2022.02.21-17.44.58:855][  0]LogAudioMixer: FMixerPlatformXAudio2::StartAudioStream() called
[2022.02.21-17.44.58:855][  0]LogAudioMixer: Display: Output buffers initialized: Frames=1024, Channels=2, Samples=2048
[2022.02.21-17.44.58:857][  0]LogAudioMixer: Display: Starting AudioMixerPlatformInterface::RunInternal()
[2022.02.21-17.44.58:857][  0]LogAudioMixer: Display: FMixerPlatformXAudio2::SubmitBuffer() called for the first time
[2022.02.21-17.44.58:857][  0]LogInit: FAudioDevice initialized.
[2022.02.21-17.44.58:857][  0]LogAudio: Display: Audio Device (ID: 1) registered with world 'Untitled'.
[2022.02.21-17.44.58:857][  0]LogNetVersion: Set ProjectVersion to 1.0.0.0. Version Checksum will be recalculated on next use.
[2022.02.21-17.44.58:908][  0]LogDerivedDataCache: Saved boot cache 0.05s 94MB C:/Users/mert_/AppData/Local/UnrealEngine/4.27/DerivedDataCache/Boot.ddc.
[2022.02.21-17.44.58:908][  0]LogInit: Texture streaming: Enabled
[2022.02.21-17.44.58:936][  0]LogAnalytics: Display: [UEEditor.Rocket.Release] APIServer = https://datarouter.ol.epicgames.com/. AppVersion = 4.27.2-18319896+++UE4+Release-4.27
[2022.02.21-17.44.58:941][  0]LogEngineSessionManager: EngineSessionManager initialized
[2022.02.21-17.44.58:941][  0]LogEngineSessionManager: EngineSessionManager sent abnormal shutdown report. Type=Crashed, SessionId={6F7E85D3-43C5-B07E-1D4A-B1A69720BAE2}
[2022.02.21-17.44.58:941][  0]LogEditorSessionSummary: Verbose: Initializing EditorSessionSummaryWriter for editor session tracking
[2022.02.21-17.44.58:942][  0]LogEditorSessionSummary: EditorSessionSummaryWriter initialized
[2022.02.21-17.44.59:071][  0]LogInit: Transaction tracking system initialized
[2022.02.21-17.44.59:398][  0]BlueprintLog: New page: Editor Load
[2022.02.21-17.44.59:872][  0]LocalizationService: Localization service is disabled
[2022.02.21-17.45.00:061][  0]TimingProfiler: Initialize
[2022.02.21-17.45.00:061][  0]TimingProfiler: OnSessionChanged
[2022.02.21-17.45.00:062][  0]LoadingProfiler: Initialize
[2022.02.21-17.45.00:062][  0]LoadingProfiler: OnSessionChanged
[2022.02.21-17.45.00:062][  0]NetworkingProfiler: Initialize
[2022.02.21-17.45.00:062][  0]NetworkingProfiler: OnSessionChanged
[2022.02.21-17.45.00:062][  0]MemoryProfiler: Initialize
[2022.02.21-17.45.00:062][  0]MemoryProfiler: OnSessionChanged
[2022.02.21-17.45.01:084][  0]LogCook: Display: CookSettings for Memory: MemoryMaxUsedVirtual 0MiB, MemoryMaxUsedPhysical 16384MiB, MemoryMinFreeVirtual 0MiB, MemoryMinFreePhysical 1024MiB
[2022.02.21-17.45.01:084][  0]LogCook: Display: Mobile HDR setting 1
[2022.02.21-17.45.01:529][  0]LogFileCache: Scanning file cache for directory 'F:/GitRepos/Unreal-Engine-4-Udemy-Projects-C-/Building_Escape/Content/' took 0.00s
[2022.02.21-17.45.03:057][  0]LogInit: Display: Engine is initialized. Leaving FEngineLoop::Init()
[2022.02.21-17.45.03:090][  0]SourceControl: Source control is disabled
[2022.02.21-17.45.03:090][  0]LogUnrealEdMisc: Loading editor; pre map load, took 37.083
[2022.02.21-17.45.03:090][  0]Cmd: MAP LOAD FILE="../../../../../GitRepos/Unreal-Engine-4-Udemy-Projects-C-/Building_Escape/Content/Levels/BuildingEscape.umap" TEMPLATE=0 SHOWPROGRESS=1 FEATURELEVEL=3
[2022.02.21-17.45.03:090][  0]LightingResults: New page: Lighting Build
[2022.02.21-17.45.03:136][  0]LogWorld: UWorld::CleanupWorld for Untitled, bSessionEnded=true, bCleanupResources=true
[2022.02.21-17.45.03:136][  0]LogSlate: InvalidateAllWidgets triggered.  All widgets were invalidated
[2022.02.21-17.45.03:136][  0]MapCheck: New page: Map Check
[2022.02.21-17.45.03:136][  0]LightingResults: New page: Lighting Build
[2022.02.21-17.45.03:140][  0]LogAudio: Display: Audio Device unregistered from world 'None'.
[2022.02.21-17.45.03:144][  0]LogUObjectHash: Compacting FUObjectHashTables data took   1.20ms
[2022.02.21-17.45.03:438][  0]LogLinker: Warning: Asset '../../../../../GitRepos/Unreal-Engine-4-Udemy-Projects-C-/Building_Escape/Content/Models/Materials_And_Textures/MI_Ceiling.uasset' has been saved with empty engine version. The asset will be loaded but may be incompatible.
[2022.02.21-17.45.03:451][  0]LogLinker: Warning: Asset '../../../../../GitRepos/Unreal-Engine-4-Udemy-Projects-C-/Building_Escape/Content/Models/Materials_And_Textures/M_Metal_Wood.uasset' has been saved with empty engine version. The asset will be loaded but may be incompatible.
[2022.02.21-17.45.03:468][  0]LogLinker: Warning: Asset '../../../../../GitRepos/Unreal-Engine-4-Udemy-Projects-C-/Building_Escape/Content/Models/Materials_And_Textures/T_Metal_Wood_BC.uasset' has been saved with empty engine version. The asset will be loaded but may be incompatible.
[2022.02.21-17.45.03:489][  0]LogLinker: Warning: Asset '../../../../../GitRepos/Unreal-Engine-4-Udemy-Projects-C-/Building_Escape/Content/Models/Materials_And_Textures/MI_Door.uasset' has been saved with empty engine version. The asset will be loaded but may be incompatible.
[2022.02.21-17.45.03:507][  0]LogLinker: Warning: Asset '../../../../../GitRepos/Unreal-Engine-4-Udemy-Projects-C-/Building_Escape/Content/Models/Materials_And_Textures/MI_Door_Frame.uasset' has been saved with empty engine version. The asset will be loaded but may be incompatible.
[2022.02.21-17.45.03:531][  0]LogLinker: Warning: Asset '../../../../../GitRepos/Unreal-Engine-4-Udemy-Projects-C-/Building_Escape/Content/Models/Materials_And_Textures/M_Block_Work.uasset' has been saved with empty engine version. The asset will be loaded but may be incompatible.
[2022.02.21-17.45.03:568][  0]LogLinker: Warning: Asset '../../../../../GitRepos/Unreal-Engine-4-Udemy-Projects-C-/Building_Escape/Content/Models/Materials_And_Textures/T_Stone_BC.uasset' has been saved with empty engine version. The asset will be loaded but may be incompatible.
[2022.02.21-17.45.03:581][  0]LogLinker: Warning: Asset '../../../../../GitRepos/Unreal-Engine-4-Udemy-Projects-C-/Building_Escape/Content/Models/Materials_And_Textures/MI_Stone_Floor.uasset' has been saved with empty engine version. The asset will be loaded but may be incompatible.
[2022.02.21-17.45.03:649][  0]LogLinker: Warning: Asset '../../../../../GitRepos/Unreal-Engine-4-Udemy-Projects-C-/Building_Escape/Content/Models/Materials_And_Textures/MI_Wall.uasset' has been saved with empty engine version. The asset will be loaded but may be incompatible.
[2022.02.21-17.45.03:715][  0]LogLinker: Warning: Asset '../../../../../GitRepos/Unreal-Engine-4-Udemy-Projects-C-/Building_Escape/Content/Models/SM_Door.uasset' has been saved with empty engine version. The asset will be loaded but may be incompatible.
[2022.02.21-17.45.03:762][  0]LogLinker: Warning: Asset '../../../../../GitRepos/Unreal-Engine-4-Udemy-Projects-C-/Building_Escape/Content/Models/Materials_And_Textures/M_Brass.uasset' has been saved with empty engine version. The asset will be loaded but may be incompatible.
[2022.02.21-17.45.03:798][  0]LogLinker: Warning: Asset '../../../../../GitRepos/Unreal-Engine-4-Udemy-Projects-C-/Building_Escape/Content/Models/SM_DoorFrame.uasset' has been saved with empty engine version. The asset will be loaded but may be incompatible.
[2022.02.21-17.45.03:830][  0]LogAudio: Display: Audio Device (ID: 1) registered with world 'BuildingEscape'.
[2022.02.21-17.45.03:831][  0]LogAIModule: Creating AISystem for world BuildingEscape
[2022.02.21-17.45.03:853][  0]LogEditorServer: Finished looking for orphan Actors (0.000 secs)
[2022.02.21-17.45.03:861][  0]LogUObjectHash: Compacting FUObjectHashTables data took   1.34ms
[2022.02.21-17.45.03:861][  0]Cmd: MAP CHECKDEP NOCLEARLOG
[2022.02.21-17.45.03:861][  0]MapCheck: Map check complete: 0 Error(s), 0 Warning(s), took 0.259ms to complete.
[2022.02.21-17.45.03:862][  0]LogFileHelpers: Loading map 'BuildingEscape' took 0.771
[2022.02.21-17.45.03:865][  0]LogUnrealEdMisc: Total Editor Startup Time, took 37.858
[2022.02.21-17.45.04:037][  0]LogSlate: Updating window title bar state: overlay mode, drag disabled, window buttons hidden, title bar hidden
[2022.02.21-17.45.04:042][  0]LogSlate: Updating window title bar state: overlay mode, drag disabled, window buttons hidden, title bar hidden
[2022.02.21-17.45.04:048][  0]LogSlate: Updating window title bar state: overlay mode, drag disabled, window buttons hidden, title bar hidden
[2022.02.21-17.45.04:053][  0]LogSlate: Updating window title bar state: overlay mode, drag disabled, window buttons hidden, title bar hidden
[2022.02.21-17.45.04:086][  0]LogNativeClassHierarchy: Verbose: Native class hierarchy populated in 0.0105 seconds. Added 3826 classes and 930 folders.
[2022.02.21-17.45.04:126][  0]LogNativeClassHierarchy: Verbose: Native class hierarchy updated for 'WidgetCarousel' in 0.0003 seconds. Added 0 classes and 0 folders.
[2022.02.21-17.45.04:200][  0]LogPakFile: PakFile PrimaryIndexSize=187
[2022.02.21-17.45.04:200][  0]LogPakFile: PakFile PathHashIndexSize=101
[2022.02.21-17.45.04:200][  0]LogPakFile: PakFile FullDirectoryIndexSize=148
[2022.02.21-17.45.04:200][  0]LogShaderLibrary: Display: ShaderCodeLibraryPakFileMountedCallback: PakFile 'F:/EpicOyunlar/UE_4.27/FeaturePacks/FP_FirstPerson.upack' (chunk index -1, root 'root:/') mounted
[2022.02.21-17.45.04:200][  0]LogShaderLibrary: Display: ShaderCodeLibraryPakFileMountedCallback: pending pak file info (ChunkID:-1 Root:root:/ File:F:/EpicOyunlar/UE_4.27/FeaturePacks/FP_FirstPerson.upack)
[2022.02.21-17.45.04:200][  0]LogPakFile: OnPakFileMounted2Time == 0.000085
[2022.02.21-17.45.04:203][  0]LogPakFile: PakFile PrimaryIndexSize=189
[2022.02.21-17.45.04:203][  0]LogPakFile: PakFile PathHashIndexSize=101
[2022.02.21-17.45.04:203][  0]LogPakFile: PakFile FullDirectoryIndexSize=152
[2022.02.21-17.45.04:203][  0]LogShaderLibrary: Display: ShaderCodeLibraryPakFileMountedCallback: PakFile 'F:/EpicOyunlar/UE_4.27/FeaturePacks/FP_FirstPersonBP.upack' (chunk index -1, root 'root:/') mounted
[2022.02.21-17.45.04:203][  0]LogShaderLibrary: Display: ShaderCodeLibraryPakFileMountedCallback: pending pak file info (ChunkID:-1 Root:root:/ File:F:/EpicOyunlar/UE_4.27/FeaturePacks/FP_FirstPersonBP.upack)
[2022.02.21-17.45.04:203][  0]LogPakFile: OnPakFileMounted2Time == 0.000061
[2022.02.21-17.45.04:218][  0]LogPakFile: PakFile PrimaryIndexSize=191
[2022.02.21-17.45.04:218][  0]LogPakFile: PakFile PathHashIndexSize=101
[2022.02.21-17.45.04:218][  0]LogPakFile: PakFile FullDirectoryIndexSize=160
[2022.02.21-17.45.04:218][  0]LogShaderLibrary: Display: ShaderCodeLibraryPakFileMountedCallback: PakFile 'F:/EpicOyunlar/UE_4.27/FeaturePacks/MobileStarterContent.upack' (chunk index -1, root 'root:/') mounted
[2022.02.21-17.45.04:218][  0]LogShaderLibrary: Display: ShaderCodeLibraryPakFileMountedCallback: pending pak file info (ChunkID:-1 Root:root:/ File:F:/EpicOyunlar/UE_4.27/FeaturePacks/MobileStarterContent.upack)
[2022.02.21-17.45.04:218][  0]LogPakFile: OnPakFileMounted2Time == 0.000041
[2022.02.21-17.45.04:220][  0]LogPakFile: PakFile PrimaryIndexSize=185
[2022.02.21-17.45.04:220][  0]LogPakFile: PakFile PathHashIndexSize=101
[2022.02.21-17.45.04:220][  0]LogPakFile: PakFile FullDirectoryIndexSize=148
[2022.02.21-17.45.04:220][  0]LogShaderLibrary: Display: ShaderCodeLibraryPakFileMountedCallback: PakFile 'F:/EpicOyunlar/UE_4.27/FeaturePacks/StarterContent.upack' (chunk index -1, root 'root:/') mounted
[2022.02.21-17.45.04:220][  0]LogShaderLibrary: Display: ShaderCodeLibraryPakFileMountedCallback: pending pak file info (ChunkID:-1 Root:root:/ File:F:/EpicOyunlar/UE_4.27/FeaturePacks/StarterContent.upack)
[2022.02.21-17.45.04:220][  0]LogPakFile: OnPakFileMounted2Time == 0.000060
[2022.02.21-17.45.04:222][  0]LogPakFile: PakFile PrimaryIndexSize=190
[2022.02.21-17.45.04:222][  0]LogPakFile: PakFile PathHashIndexSize=101
[2022.02.21-17.45.04:222][  0]LogPakFile: PakFile FullDirectoryIndexSize=154
[2022.02.21-17.45.04:222][  0]LogShaderLibrary: Display: ShaderCodeLibraryPakFileMountedCallback: PakFile 'F:/EpicOyunlar/UE_4.27/FeaturePacks/TP_2DSideScroller.upack' (chunk index -1, root 'root:/') mounted
[2022.02.21-17.45.04:222][  0]LogShaderLibrary: Display: ShaderCodeLibraryPakFileMountedCallback: pending pak file info (ChunkID:-1 Root:root:/ File:F:/EpicOyunlar/UE_4.27/FeaturePacks/TP_2DSideScroller.upack)
[2022.02.21-17.45.04:222][  0]LogPakFile: OnPakFileMounted2Time == 0.000037
[2022.02.21-17.45.04:241][  0]LogPakFile: PakFile PrimaryIndexSize=192
[2022.02.21-17.45.04:241][  0]LogPakFile: PakFile PathHashIndexSize=101
[2022.02.21-17.45.04:241][  0]LogPakFile: PakFile FullDirectoryIndexSize=158
[2022.02.21-17.45.04:241][  0]LogShaderLibrary: Display: ShaderCodeLibraryPakFileMountedCallback: PakFile 'F:/EpicOyunlar/UE_4.27/FeaturePacks/TP_2DSideScrollerBP.upack' (chunk index -1, root 'root:/') mounted
[2022.02.21-17.45.04:241][  0]LogShaderLibrary: Display: ShaderCodeLibraryPakFileMountedCallback: pending pak file info (ChunkID:-1 Root:root:/ File:F:/EpicOyunlar/UE_4.27/FeaturePacks/TP_2DSideScrollerBP.upack)
[2022.02.21-17.45.04:241][  0]LogPakFile: OnPakFileMounted2Time == 0.000043
[2022.02.21-17.45.04:255][  0]LogPakFile: PakFile PrimaryIndexSize=182
[2022.02.21-17.45.04:255][  0]LogPakFile: PakFile PathHashIndexSize=101
[2022.02.21-17.45.04:255][  0]LogPakFile: PakFile FullDirectoryIndexSize=138
[2022.02.21-17.45.04:255][  0]LogShaderLibrary: Display: ShaderCodeLibraryPakFileMountedCallback: PakFile 'F:/EpicOyunlar/UE_4.27/FeaturePacks/TP_Flying.upack' (chunk index -1, root 'root:/') mounted
[2022.02.21-17.45.04:255][  0]LogShaderLibrary: Display: ShaderCodeLibraryPakFileMountedCallback: pending pak file info (ChunkID:-1 Root:root:/ File:F:/EpicOyunlar/UE_4.27/FeaturePacks/TP_Flying.upack)
[2022.02.21-17.45.04:255][  0]LogPakFile: OnPakFileMounted2Time == 0.000037
[2022.02.21-17.45.04:270][  0]LogPakFile: PakFile PrimaryIndexSize=184
[2022.02.21-17.45.04:270][  0]LogPakFile: PakFile PathHashIndexSize=101
[2022.02.21-17.45.04:270][  0]LogPakFile: PakFile FullDirectoryIndexSize=142
[2022.02.21-17.45.04:270][  0]LogShaderLibrary: Display: ShaderCodeLibraryPakFileMountedCallback: PakFile 'F:/EpicOyunlar/UE_4.27/FeaturePacks/TP_FlyingBP.upack' (chunk index -1, root 'root:/') mounted
[2022.02.21-17.45.04:270][  0]LogShaderLibrary: Display: ShaderCodeLibraryPakFileMountedCallback: pending pak file info (ChunkID:-1 Root:root:/ File:F:/EpicOyunlar/UE_4.27/FeaturePacks/TP_FlyingBP.upack)
[2022.02.21-17.45.04:270][  0]LogPakFile: OnPakFileMounted2Time == 0.000040
[2022.02.21-17.45.04:302][  0]LogPakFile: PakFile PrimaryIndexSize=188
[2022.02.21-17.45.04:303][  0]LogPakFile: PakFile PathHashIndexSize=101
[2022.02.21-17.45.04:303][  0]LogPakFile: PakFile FullDirectoryIndexSize=150
[2022.02.21-17.45.04:303][  0]LogShaderLibrary: Display: ShaderCodeLibraryPakFileMountedCallback: PakFile 'F:/EpicOyunlar/UE_4.27/FeaturePacks/TP_HandheldARBP.upack' (chunk index -1, root 'root:/') mounted
[2022.02.21-17.45.04:303][  0]LogShaderLibrary: Display: ShaderCodeLibraryPakFileMountedCallback: pending pak file info (ChunkID:-1 Root:root:/ File:F:/EpicOyunlar/UE_4.27/FeaturePacks/TP_HandheldARBP.upack)
[2022.02.21-17.45.04:303][  0]LogPakFile: OnPakFileMounted2Time == 0.000093
[2022.02.21-17.45.04:326][  0]LogPakFile: PakFile PrimaryIndexSize=182
[2022.02.21-17.45.04:326][  0]LogPakFile: PakFile PathHashIndexSize=101
[2022.02.21-17.45.04:326][  0]LogPakFile: PakFile FullDirectoryIndexSize=138
[2022.02.21-17.45.04:326][  0]LogShaderLibrary: Display: ShaderCodeLibraryPakFileMountedCallback: PakFile 'F:/EpicOyunlar/UE_4.27/FeaturePacks/TP_Puzzle.upack' (chunk index -1, root 'root:/') mounted
[2022.02.21-17.45.04:326][  0]LogShaderLibrary: Display: ShaderCodeLibraryPakFileMountedCallback: pending pak file info (ChunkID:-1 Root:root:/ File:F:/EpicOyunlar/UE_4.27/FeaturePacks/TP_Puzzle.upack)
[2022.02.21-17.45.04:326][  0]LogPakFile: OnPakFileMounted2Time == 0.000040
[2022.02.21-17.45.04:328][  0]LogPakFile: PakFile PrimaryIndexSize=184
[2022.02.21-17.45.04:328][  0]LogPakFile: PakFile PathHashIndexSize=101
[2022.02.21-17.45.04:328][  0]LogPakFile: PakFile FullDirectoryIndexSize=142
[2022.02.21-17.45.04:328][  0]LogShaderLibrary: Display: ShaderCodeLibraryPakFileMountedCallback: PakFile 'F:/EpicOyunlar/UE_4.27/FeaturePacks/TP_PuzzleBP.upack' (chunk index -1, root 'root:/') mounted
[2022.02.21-17.45.04:328][  0]LogShaderLibrary: Display: ShaderCodeLibraryPakFileMountedCallback: pending pak file info (ChunkID:-1 Root:root:/ File:F:/EpicOyunlar/UE_4.27/FeaturePacks/TP_PuzzleBP.upack)
[2022.02.21-17.45.04:328][  0]LogPakFile: OnPakFileMounted2Time == 0.000034
[2022.02.21-17.45.04:342][  0]LogPakFile: PakFile PrimaryIndexSize=183
[2022.02.21-17.45.04:342][  0]LogPakFile: PakFile PathHashIndexSize=101
[2022.02.21-17.45.04:342][  0]LogPakFile: PakFile FullDirectoryIndexSize=140
[2022.02.21-17.45.04:342][  0]LogShaderLibrary: Display: ShaderCodeLibraryPakFileMountedCallback: PakFile 'F:/EpicOyunlar/UE_4.27/FeaturePacks/TP_Rolling.upack' (chunk index -1, root 'root:/') mounted
[2022.02.21-17.45.04:342][  0]LogShaderLibrary: Display: ShaderCodeLibraryPakFileMountedCallback: pending pak file info (ChunkID:-1 Root:root:/ File:F:/EpicOyunlar/UE_4.27/FeaturePacks/TP_Rolling.upack)
[2022.02.21-17.45.04:342][  0]LogPakFile: OnPakFileMounted2Time == 0.000053
[2022.02.21-17.45.04:345][  0]LogPakFile: PakFile PrimaryIndexSize=185
[2022.02.21-17.45.04:345][  0]LogPakFile: PakFile PathHashIndexSize=101
[2022.02.21-17.45.04:345][  0]LogPakFile: PakFile FullDirectoryIndexSize=144
[2022.02.21-17.45.04:345][  0]LogShaderLibrary: Display: ShaderCodeLibraryPakFileMountedCallback: PakFile 'F:/EpicOyunlar/UE_4.27/FeaturePacks/TP_RollingBP.upack' (chunk index -1, root 'root:/') mounted
[2022.02.21-17.45.04:345][  0]LogShaderLibrary: Display: ShaderCodeLibraryPakFileMountedCallback: pending pak file info (ChunkID:-1 Root:root:/ File:F:/EpicOyunlar/UE_4.27/FeaturePacks/TP_RollingBP.upack)
[2022.02.21-17.45.04:345][  0]LogPakFile: OnPakFileMounted2Time == 0.000102
[2022.02.21-17.45.04:347][  0]LogPakFile: PakFile PrimaryIndexSize=188
[2022.02.21-17.45.04:347][  0]LogPakFile: PakFile PathHashIndexSize=101
[2022.02.21-17.45.04:347][  0]LogPakFile: PakFile FullDirectoryIndexSize=150
[2022.02.21-17.45.04:347][  0]LogShaderLibrary: Display: ShaderCodeLibraryPakFileMountedCallback: PakFile 'F:/EpicOyunlar/UE_4.27/FeaturePacks/TP_SideScroller.upack' (chunk index -1, root 'root:/') mounted
[2022.02.21-17.45.04:347][  0]LogShaderLibrary: Display: ShaderCodeLibraryPakFileMountedCallback: pending pak file info (ChunkID:-1 Root:root:/ File:F:/EpicOyunlar/UE_4.27/FeaturePacks/TP_SideScroller.upack)
[2022.02.21-17.45.04:347][  0]LogPakFile: OnPakFileMounted2Time == 0.000037
[2022.02.21-17.45.04:349][  0]LogPakFile: PakFile PrimaryIndexSize=190
[2022.02.21-17.45.04:349][  0]LogPakFile: PakFile PathHashIndexSize=101
[2022.02.21-17.45.04:349][  0]LogPakFile: PakFile FullDirectoryIndexSize=154
[2022.02.21-17.45.04:349][  0]LogShaderLibrary: Display: ShaderCodeLibraryPakFileMountedCallback: PakFile 'F:/EpicOyunlar/UE_4.27/FeaturePacks/TP_SideScrollerBP.upack' (chunk index -1, root 'root:/') mounted
[2022.02.21-17.45.04:349][  0]LogShaderLibrary: Display: ShaderCodeLibraryPakFileMountedCallback: pending pak file info (ChunkID:-1 Root:root:/ File:F:/EpicOyunlar/UE_4.27/FeaturePacks/TP_SideScrollerBP.upack)
[2022.02.21-17.45.04:349][  0]LogPakFile: OnPakFileMounted2Time == 0.000033
[2022.02.21-17.45.04:351][  0]LogPakFile: PakFile PrimaryIndexSize=187
[2022.02.21-17.45.04:351][  0]LogPakFile: PakFile PathHashIndexSize=101
[2022.02.21-17.45.04:351][  0]LogPakFile: PakFile FullDirectoryIndexSize=148
[2022.02.21-17.45.04:351][  0]LogShaderLibrary: Display: ShaderCodeLibraryPakFileMountedCallback: PakFile 'F:/EpicOyunlar/UE_4.27/FeaturePacks/TP_ThirdPerson.upack' (chunk index -1, root 'root:/') mounted
[2022.02.21-17.45.04:351][  0]LogShaderLibrary: Display: ShaderCodeLibraryPakFileMountedCallback: pending pak file info (ChunkID:-1 Root:root:/ File:F:/EpicOyunlar/UE_4.27/FeaturePacks/TP_ThirdPerson.upack)
[2022.02.21-17.45.04:351][  0]LogPakFile: OnPakFileMounted2Time == 0.000032
[2022.02.21-17.45.04:391][  0]LogPakFile: PakFile PrimaryIndexSize=189
[2022.02.21-17.45.04:391][  0]LogPakFile: PakFile PathHashIndexSize=101
[2022.02.21-17.45.04:391][  0]LogPakFile: PakFile FullDirectoryIndexSize=152
[2022.02.21-17.45.04:391][  0]LogShaderLibrary: Display: ShaderCodeLibraryPakFileMountedCallback: PakFile 'F:/EpicOyunlar/UE_4.27/FeaturePacks/TP_ThirdPersonBP.upack' (chunk index -1, root 'root:/') mounted
[2022.02.21-17.45.04:391][  0]LogShaderLibrary: Display: ShaderCodeLibraryPakFileMountedCallback: pending pak file info (ChunkID:-1 Root:root:/ File:F:/EpicOyunlar/UE_4.27/FeaturePacks/TP_ThirdPersonBP.upack)
[2022.02.21-17.45.04:391][  0]LogPakFile: OnPakFileMounted2Time == 0.000042
[2022.02.21-17.45.04:393][  0]LogPakFile: PakFile PrimaryIndexSize=183
[2022.02.21-17.45.04:393][  0]LogPakFile: PakFile PathHashIndexSize=101
[2022.02.21-17.45.04:393][  0]LogPakFile: PakFile FullDirectoryIndexSize=140
[2022.02.21-17.45.04:393][  0]LogShaderLibrary: Display: ShaderCodeLibraryPakFileMountedCallback: PakFile 'F:/EpicOyunlar/UE_4.27/FeaturePacks/TP_TopDown.upack' (chunk index -1, root 'root:/') mounted
[2022.02.21-17.45.04:393][  0]LogShaderLibrary: Display: ShaderCodeLibraryPakFileMountedCallback: pending pak file info (ChunkID:-1 Root:root:/ File:F:/EpicOyunlar/UE_4.27/FeaturePacks/TP_TopDown.upack)
[2022.02.21-17.45.04:393][  0]LogPakFile: OnPakFileMounted2Time == 0.000048
[2022.02.21-17.45.04:395][  0]LogPakFile: PakFile PrimaryIndexSize=185
[2022.02.21-17.45.04:395][  0]LogPakFile: PakFile PathHashIndexSize=101
[2022.02.21-17.45.04:395][  0]LogPakFile: PakFile FullDirectoryIndexSize=144
[2022.02.21-17.45.04:395][  0]LogShaderLibrary: Display: ShaderCodeLibraryPakFileMountedCallback: PakFile 'F:/EpicOyunlar/UE_4.27/FeaturePacks/TP_TopDownBP.upack' (chunk index -1, root 'root:/') mounted
[2022.02.21-17.45.04:395][  0]LogShaderLibrary: Display: ShaderCodeLibraryPakFileMountedCallback: pending pak file info (ChunkID:-1 Root:root:/ File:F:/EpicOyunlar/UE_4.27/FeaturePacks/TP_TopDownBP.upack)
[2022.02.21-17.45.04:396][  0]LogPakFile: OnPakFileMounted2Time == 0.000074
[2022.02.21-17.45.04:397][  0]LogPakFile: PakFile PrimaryIndexSize=185
[2022.02.21-17.45.04:397][  0]LogPakFile: PakFile PathHashIndexSize=101
[2022.02.21-17.45.04:397][  0]LogPakFile: PakFile FullDirectoryIndexSize=144
[2022.02.21-17.45.04:397][  0]LogShaderLibrary: Display: ShaderCodeLibraryPakFileMountedCallback: PakFile 'F:/EpicOyunlar/UE_4.27/FeaturePacks/TP_TwinStick.upack' (chunk index -1, root 'root:/') mounted
[2022.02.21-17.45.04:397][  0]LogShaderLibrary: Display: ShaderCodeLibraryPakFileMountedCallback: pending pak file info (ChunkID:-1 Root:root:/ File:F:/EpicOyunlar/UE_4.27/FeaturePacks/TP_TwinStick.upack)
[2022.02.21-17.45.04:397][  0]LogPakFile: OnPakFileMounted2Time == 0.000052
[2022.02.21-17.45.04:399][  0]LogPakFile: PakFile PrimaryIndexSize=187
[2022.02.21-17.45.04:399][  0]LogPakFile: PakFile PathHashIndexSize=101
[2022.02.21-17.45.04:399][  0]LogPakFile: PakFile FullDirectoryIndexSize=148
[2022.02.21-17.45.04:399][  0]LogShaderLibrary: Display: ShaderCodeLibraryPakFileMountedCallback: PakFile 'F:/EpicOyunlar/UE_4.27/FeaturePacks/TP_TwinStickBP.upack' (chunk index -1, root 'root:/') mounted
[2022.02.21-17.45.04:399][  0]LogShaderLibrary: Display: ShaderCodeLibraryPakFileMountedCallback: pending pak file info (ChunkID:-1 Root:root:/ File:F:/EpicOyunlar/UE_4.27/FeaturePacks/TP_TwinStickBP.upack)
[2022.02.21-17.45.04:399][  0]LogPakFile: OnPakFileMounted2Time == 0.000032
[2022.02.21-17.45.04:417][  0]LogPakFile: PakFile PrimaryIndexSize=183
[2022.02.21-17.45.04:417][  0]LogPakFile: PakFile PathHashIndexSize=101
[2022.02.21-17.45.04:417][  0]LogPakFile: PakFile FullDirectoryIndexSize=140
[2022.02.21-17.45.04:417][  0]LogShaderLibrary: Display: ShaderCodeLibraryPakFileMountedCallback: PakFile 'F:/EpicOyunlar/UE_4.27/FeaturePacks/TP_Vehicle.upack' (chunk index -1, root 'root:/') mounted
[2022.02.21-17.45.04:417][  0]LogShaderLibrary: Display: ShaderCodeLibraryPakFileMountedCallback: pending pak file info (ChunkID:-1 Root:root:/ File:F:/EpicOyunlar/UE_4.27/FeaturePacks/TP_Vehicle.upack)
[2022.02.21-17.45.04:418][  0]LogPakFile: OnPakFileMounted2Time == 0.000046
[2022.02.21-17.45.04:437][  0]LogPakFile: PakFile PrimaryIndexSize=186
[2022.02.21-17.45.04:437][  0]LogPakFile: PakFile PathHashIndexSize=101
[2022.02.21-17.45.04:437][  0]LogPakFile: PakFile FullDirectoryIndexSize=146
[2022.02.21-17.45.04:437][  0]LogShaderLibrary: Display: ShaderCodeLibraryPakFileMountedCallback: PakFile 'F:/EpicOyunlar/UE_4.27/FeaturePacks/TP_VehicleAdv.upack' (chunk index -1, root 'root:/') mounted
[2022.02.21-17.45.04:437][  0]LogShaderLibrary: Display: ShaderCodeLibraryPakFileMountedCallback: pending pak file info (ChunkID:-1 Root:root:/ File:F:/EpicOyunlar/UE_4.27/FeaturePacks/TP_VehicleAdv.upack)
[2022.02.21-17.45.04:437][  0]LogPakFile: OnPakFileMounted2Time == 0.000041
[2022.02.21-17.45.04:448][  0]LogPakFile: PakFile PrimaryIndexSize=188
[2022.02.21-17.45.04:448][  0]LogPakFile: PakFile PathHashIndexSize=101
[2022.02.21-17.45.04:448][  0]LogPakFile: PakFile FullDirectoryIndexSize=150
[2022.02.21-17.45.04:448][  0]LogShaderLibrary: Display: ShaderCodeLibraryPakFileMountedCallback: PakFile 'F:/EpicOyunlar/UE_4.27/FeaturePacks/TP_VehicleAdvBP.upack' (chunk index -1, root 'root:/') mounted
[2022.02.21-17.45.04:448][  0]LogShaderLibrary: Display: ShaderCodeLibraryPakFileMountedCallback: pending pak file info (ChunkID:-1 Root:root:/ File:F:/EpicOyunlar/UE_4.27/FeaturePacks/TP_VehicleAdvBP.upack)
[2022.02.21-17.45.04:448][  0]LogPakFile: OnPakFileMounted2Time == 0.000046
[2022.02.21-17.45.04:450][  0]LogPakFile: PakFile PrimaryIndexSize=185
[2022.02.21-17.45.04:450][  0]LogPakFile: PakFile PathHashIndexSize=101
[2022.02.21-17.45.04:450][  0]LogPakFile: PakFile FullDirectoryIndexSize=144
[2022.02.21-17.45.04:450][  0]LogShaderLibrary: Display: ShaderCodeLibraryPakFileMountedCallback: PakFile 'F:/EpicOyunlar/UE_4.27/FeaturePacks/TP_VehicleBP.upack' (chunk index -1, root 'root:/') mounted
[2022.02.21-17.45.04:450][  0]LogShaderLibrary: Display: ShaderCodeLibraryPakFileMountedCallback: pending pak file info (ChunkID:-1 Root:root:/ File:F:/EpicOyunlar/UE_4.27/FeaturePacks/TP_VehicleBP.upack)
[2022.02.21-17.45.04:450][  0]LogPakFile: OnPakFileMounted2Time == 0.000038
[2022.02.21-17.45.04:452][  0]LogPakFile: PakFile PrimaryIndexSize=192
[2022.02.21-17.45.04:452][  0]LogPakFile: PakFile PathHashIndexSize=101
[2022.02.21-17.45.04:452][  0]LogPakFile: PakFile FullDirectoryIndexSize=158
[2022.02.21-17.45.04:452][  0]LogShaderLibrary: Display: ShaderCodeLibraryPakFileMountedCallback: PakFile 'F:/EpicOyunlar/UE_4.27/FeaturePacks/TP_VirtualRealityBP.upack' (chunk index -1, root 'root:/') mounted
[2022.02.21-17.45.04:453][  0]LogShaderLibrary: Display: ShaderCodeLibraryPakFileMountedCallback: pending pak file info (ChunkID:-1 Root:root:/ File:F:/EpicOyunlar/UE_4.27/FeaturePacks/TP_VirtualRealityBP.upack)
[2022.02.21-17.45.04:453][  0]LogPakFile: OnPakFileMounted2Time == 0.000037
[2022.02.21-17.45.05:215][  0]LogNativeClassHierarchy: Verbose: Native class hierarchy updated for 'AddContentDialog' in 0.0003 seconds. Added 0 classes and 0 folders.
[2022.02.21-17.45.05:220][  0]LogNativeClassHierarchy: Verbose: Native class hierarchy updated for 'SceneOutliner' in 0.0002 seconds. Added 2 classes and 0 folders.
[2022.02.21-17.45.05:319][  0]LogSlate: Took 0.000175 seconds to synchronously load lazily loaded font '../../../Engine/Content/Slate/Fonts/Roboto-Regular.ttf' (155K)
[2022.02.21-17.45.06:551][  0]LogSlate: Only BGRA pngs, bmps or icos are supported in by External Image Picker
[2022.02.21-17.45.06:643][  0]LogSlate: Took 0.023497 seconds to synchronously load lazily loaded font '../../../Engine/Content/Editor/Slate/Fonts/FontAwesome.ttf' (139K)
[2022.02.21-17.45.06:644][  0]LogSlate: Took 0.000422 seconds to synchronously load lazily loaded font '../../../Engine/Content/Slate/Fonts/Roboto-Bold.ttf' (160K)
[2022.02.21-17.45.06:845][  0]LogRenderer: Reallocating scene render targets to support 1236x648 Format 10 NumSamples 1 (Frame:1).
[2022.02.21-17.45.06:915][  0]LogSlate: Took 0.012842 seconds to synchronously load lazily loaded font '../../../Engine/Content/Slate/Fonts/Roboto-Light.ttf' (167K)
[2022.02.21-17.45.07:009][  0]LogNativeClassHierarchy: Verbose: Native class hierarchy updated for 'HierarchicalLODOutliner' in 0.0006 seconds. Added 0 classes and 0 folders.
[2022.02.21-17.45.07:009][  0]LogLoad: (Engine Initialization) Total time: 41.00 seconds
[2022.02.21-17.45.07:009][  0]LogLoad: (Engine Initialization) Total Blueprint compile time: 0.00 seconds
[2022.02.21-17.45.07:071][  0]LogAssetRegistry: Asset discovery search completed in 23.2716 seconds
[2022.02.21-17.45.07:148][  0]LogCollectionManager: Fixed up redirectors for 0 collections in 0.000004 seconds (updated 0 objects)
[2022.02.21-17.45.07:150][  0]LogContentStreaming: Texture pool size now 1000 MB
[2022.02.21-17.45.07:231][  1]LogRenderer: Reallocating scene render targets to support 1236x660 Format 10 NumSamples 1 (Frame:2).
[2022.02.21-17.45.08:398][  4]LogSlate: Took 0.000252 seconds to synchronously load lazily loaded font '../../../Engine/Content/Slate/Fonts/Roboto-Light.ttf' (167K)
